<?xml version="1.0" encoding="UTF-8"?>
<testsuite xmlns:xsi="http://www.w3.org/2001/XMLSchema-instance" xsi:noNamespaceSchemaLocation="https://maven.apache.org/surefire/maven-surefire-plugin/xsd/surefire-test-report-3.0.xsd" version="3.0" name="org.example.acrastt.utils.ConcurrentListTest" time="0.848" tests="47" errors="0" skipped="0" failures="0">
  <properties>
[...]
</properties>
  <testcase name="testToStringAndToArray" classname="org.example.acrastt.utils.ConcurrentListTest" time="0.073"/>
  <testcase name="testReplaceAll" classname="org.example.acrastt.utils.ConcurrentListTest" time="0.004"/>
  <testcase name="testCopyConstructor" classname="org.example.acrastt.utils.ConcurrentListTest" time="0.004"/>
  <testcase name="testClear" classname="org.example.acrastt.utils.ConcurrentListTest" time="0.006"/>
  <testcase name="testSize" classname="org.example.acrastt.utils.ConcurrentListTest" time="0.011"/>
  <testcase name="testSort" classname="org.example.acrastt.utils.ConcurrentListTest" time="0.002"/>
  <testcase name="testLastIndexOf" classname="org.example.acrastt.utils.ConcurrentListTest" time="0.002"/>
  <testcase name="testForEach" classname="org.example.acrastt.utils.ConcurrentListTest" time="0.004"/>
  <testcase name="testListIterator" classname="org.example.acrastt.utils.ConcurrentListTest" time="0.005"/>
  <testcase name="testRemoveRange" classname="org.example.acrastt.utils.ConcurrentListTest" time="0.006"/>
  <testcase name="testToArrayWithArguments" classname="org.example.acrastt.utils.ConcurrentListTest" time="0.003"/>
  <testcase name="testListIteratorAt" classname="org.example.acrastt.utils.ConcurrentListTest" time="0.007"/>
  <testcase name="testRetainAll" classname="org.example.acrastt.utils.ConcurrentListTest" time="0.002"/>
  <testcase name="testToArrayWithIntFunction" classname="org.example.acrastt.utils.ConcurrentListTest" time="0.003"/>
  <testcase name="removeAt" classname="org.example.acrastt.utils.ConcurrentListTest" time="0.003"/>
  <testcase name="testContainsAll" classname="org.example.acrastt.utils.ConcurrentListTest" time="0.004"/>
  <testcase name="testAddAllWithTwoArguments" classname="org.example.acrastt.utils.ConcurrentListTest" time="0.004"/>
  <testcase name="testContains" classname="org.example.acrastt.utils.ConcurrentListTest" time="0.008"/>
  <testcase name="testAddAndGet" classname="org.example.acrastt.utils.ConcurrentListTest" time="0.003"/>
  <testcase name="testRemoveIf" classname="org.example.acrastt.utils.ConcurrentListTest" time="0.002"/>
  <testcase name="testEnsureCapacity" classname="org.example.acrastt.utils.ConcurrentListTest" time="0.005"/>
  <testcase name="testConcurrency" classname="org.example.acrastt.utils.ConcurrentListTest" time="0.07"/>
  <testcase name="testConcurrency" classname="org.example.acrastt.utils.ConcurrentListTest" time="0.03"/>
  <testcase name="testConcurrency" classname="org.example.acrastt.utils.ConcurrentListTest" time="0.038"/>
  <testcase name="testConcurrency" classname="org.example.acrastt.utils.ConcurrentListTest" time="0.022"/>
  <testcase name="testConcurrency" classname="org.example.acrastt.utils.ConcurrentListTest" time="0.031"/>
  <testcase name="testConcurrency" classname="org.example.acrastt.utils.ConcurrentListTest" time="0.018"/>
  <testcase name="testConcurrency" classname="org.example.acrastt.utils.ConcurrentListTest" time="0.024"/>
  <testcase name="testConcurrency" classname="org.example.acrastt.utils.ConcurrentListTest" time="0.015"/>
  <testcase name="testConcurrency" classname="org.example.acrastt.utils.ConcurrentListTest" time="0.015"/>
  <testcase name="testConcurrency" classname="org.example.acrastt.utils.ConcurrentListTest" time="0.017"/>
  <testcase name="testHashCode" classname="org.example.acrastt.utils.ConcurrentListTest" time="0.002"/>
  <testcase name="testParallelStream" classname="org.example.acrastt.utils.ConcurrentListTest" time="0.003"/>
  <testcase name="testTrimToSize" classname="org.example.acrastt.utils.ConcurrentListTest" time="0.002"/>
  <testcase name="testAddAll" classname="org.example.acrastt.utils.ConcurrentListTest" time="0.001"/>
  <testcase name="testSetWithTwoParameters" classname="org.example.acrastt.utils.ConcurrentListTest" time="0.001"/>
  <testcase name="testEquals" classname="org.example.acrastt.utils.ConcurrentListTest" time="0.002"/>
  <testcase name="testIndexOf" classname="org.example.acrastt.utils.ConcurrentListTest" time="0.001"/>
  <testcase name="testAddAtPosition" classname="org.example.acrastt.utils.ConcurrentListTest" time="0.006"/>
  <testcase name="testIsEmpty" classname="org.example.acrastt.utils.ConcurrentListTest" time="0.001"/>
  <testcase name="testRemove" classname="org.example.acrastt.utils.ConcurrentListTest" time="0.002"/>
  <testcase name="testStream" classname="org.example.acrastt.utils.ConcurrentListTest" time="0.004"/>
  <testcase name="testSpliterator" classname="org.example.acrastt.utils.ConcurrentListTest" time="0.002"/>
  <testcase name="testIterator" classname="org.example.acrastt.utils.ConcurrentListTest" time="0.002"/>
  <testcase name="testRemoveAll" classname="org.example.acrastt.utils.ConcurrentListTest" time="0.002"/>
  <testcase name="testSubList" classname="org.example.acrastt.utils.ConcurrentListTest" time="0.002"/>
  <testcase name="testCapacityConstructor" classname="org.example.acrastt.utils.ConcurrentListTest" time="0.001"/>
</testsuite>