<?xml version="1.0" encoding="UTF-8"?>
<testsuite xmlns:xsi="http://www.w3.org/2001/XMLSchema-instance" xsi:noNamespaceSchemaLocation="https://maven.apache.org/surefire/maven-surefire-plugin/xsd/surefire-test-report-3.0.xsd" version="3.0" name="JMHUtilsTest" time="10.71" tests="1" errors="0" skipped="0" failures="0">
  <properties>
[...]
</properties>
  <testcase name="test" classname="JMHUtilsTest" time="10.704">
    <system-out><![CDATA[# JMH version: 1.36
# VM version: JDK 19.0.2, Java HotSpot(TM) 64-Bit Server VM, 19.0.2+7-44
# VM invoker: /Library/Java/JavaVirtualMachines/jdk-19.jdk/Contents/Home/bin/java
# VM options: <none>
# Blackhole mode: compiler (auto-detected, use -Djmh.blackhole.autoDetect=false to disable)
# Warmup: 50 iterations, single-shot each
# Measurement: 1000 iterations, single-shot each
# Timeout: 10 min per iteration
# Threads: 1 thread
# Benchmark mode: Single shot invocation time
# Benchmark: org.example.acrastt.utils.Benchmark.nativeStringAppend

# Run progress: 0.00% complete, ETA 00:00:02
# Fork: 1 of 1
# Warmup Iteration   1: 0.950 ms/op
# Warmup Iteration   2: 0.107 ms/op
# Warmup Iteration   3: 0.127 ms/op
# Warmup Iteration   4: 0.120 ms/op
# Warmup Iteration   5: 0.128 ms/op
# Warmup Iteration   6: 0.135 ms/op
# Warmup Iteration   7: 0.125 ms/op
# Warmup Iteration   8: 0.100 ms/op
# Warmup Iteration   9: 0.148 ms/op
# Warmup Iteration  10: 0.190 ms/op
# Warmup Iteration  11: 0.166 ms/op
# Warmup Iteration  12: 0.163 ms/op
# Warmup Iteration  13: 0.372 ms/op
# Warmup Iteration  14: 0.213 ms/op
# Warmup Iteration  15: 0.275 ms/op
# Warmup Iteration  16: 0.257 ms/op
# Warmup Iteration  17: 0.322 ms/op
# Warmup Iteration  18: 0.370 ms/op
# Warmup Iteration  19: 0.261 ms/op
# Warmup Iteration  20: 0.265 ms/op
# Warmup Iteration  21: 0.339 ms/op
# Warmup Iteration  22: 0.311 ms/op
# Warmup Iteration  23: 0.328 ms/op
# Warmup Iteration  24: 0.328 ms/op
# Warmup Iteration  25: 0.321 ms/op
# Warmup Iteration  26: 0.343 ms/op
# Warmup Iteration  27: 0.397 ms/op
# Warmup Iteration  28: 0.338 ms/op
# Warmup Iteration  29: 0.358 ms/op
# Warmup Iteration  30: 0.421 ms/op
# Warmup Iteration  31: 0.369 ms/op
# Warmup Iteration  32: 0.366 ms/op
# Warmup Iteration  33: 10.980 ms/op
# Warmup Iteration  34: 0.475 ms/op
# Warmup Iteration  35: 0.218 ms/op
# Warmup Iteration  36: 0.109 ms/op
# Warmup Iteration  37: 0.112 ms/op
# Warmup Iteration  38: 0.216 ms/op
# Warmup Iteration  39: 0.365 ms/op
# Warmup Iteration  40: 0.373 ms/op
# Warmup Iteration  41: 0.183 ms/op
# Warmup Iteration  42: 0.162 ms/op
# Warmup Iteration  43: 0.137 ms/op
# Warmup Iteration  44: 0.131 ms/op
# Warmup Iteration  45: 0.140 ms/op
# Warmup Iteration  46: 0.131 ms/op
# Warmup Iteration  47: 0.140 ms/op
# Warmup Iteration  48: 0.121 ms/op
# Warmup Iteration  49: 0.132 ms/op
# Warmup Iteration  50: 0.151 ms/op
Iteration   1: 0.220 ms/op
Iteration   2: 0.212 ms/op
Iteration   3: 0.132 ms/op
Iteration   4: 0.121 ms/op
Iteration   5: 0.147 ms/op
Iteration   6: 0.149 ms/op
Iteration   7: 0.125 ms/op
Iteration   8: 0.161 ms/op
Iteration   9: 0.128 ms/op
Iteration  10: 0.131 ms/op
Iteration  11: 0.533 ms/op
Iteration  12: 1.109 ms/op
Iteration  13: 0.702 ms/op
Iteration  14: 0.703 ms/op
Iteration  15: 0.624 ms/op
Iteration  16: 0.790 ms/op
Iteration  17: 1.415 ms/op
Iteration  18: 8.253 ms/op
Iteration  19: 1.163 ms/op
Iteration  20: 0.691 ms/op
Iteration  21: 0.771 ms/op
Iteration  22: 1.199 ms/op
Iteration  23: 0.690 ms/op
Iteration  24: 10.319 ms/op
Iteration  25: 0.232 ms/op
Iteration  26: 0.095 ms/op
Iteration  27: 0.115 ms/op
Iteration  28: 0.093 ms/op
Iteration  29: 0.077 ms/op
Iteration  30: 0.105 ms/op
Iteration  31: 0.105 ms/op
Iteration  32: 0.111 ms/op
Iteration  33: 0.117 ms/op
Iteration  34: 0.124 ms/op
Iteration  35: 0.132 ms/op
Iteration  36: 0.226 ms/op
Iteration  37: 0.254 ms/op
Iteration  38: 0.184 ms/op
Iteration  39: 0.168 ms/op
Iteration  40: 0.167 ms/op
Iteration  41: 0.101 ms/op
Iteration  42: 0.169 ms/op
Iteration  43: 0.253 ms/op
Iteration  44: 0.210 ms/op
Iteration  45: 0.276 ms/op
Iteration  46: 0.196 ms/op
Iteration  47: 0.239 ms/op
Iteration  48: 0.205 ms/op
Iteration  49: 0.151 ms/op
Iteration  50: 0.257 ms/op
Iteration  51: 0.161 ms/op
Iteration  52: 0.425 ms/op
Iteration  53: 1.053 ms/op
Iteration  54: 0.945 ms/op
Iteration  55: 1.026 ms/op
Iteration  56: 1.013 ms/op
Iteration  57: 1.090 ms/op
Iteration  58: 1.049 ms/op
Iteration  59: 1.000 ms/op
Iteration  60: 0.989 ms/op
Iteration  61: 1.236 ms/op
Iteration  62: 0.967 ms/op
Iteration  63: 1.173 ms/op
Iteration  64: 1.149 ms/op
Iteration  65: 1.029 ms/op
Iteration  66: 0.984 ms/op
Iteration  67: 1.032 ms/op
Iteration  68: 1.041 ms/op
Iteration  69: 1.251 ms/op
Iteration  70: 1.064 ms/op
Iteration  71: 1.071 ms/op
Iteration  72: 2.017 ms/op
Iteration  73: 1.214 ms/op
Iteration  74: 1.029 ms/op
Iteration  75: 1.084 ms/op
Iteration  76: 1.101 ms/op
Iteration  77: 18.123 ms/op
Iteration  78: 3.568 ms/op
Iteration  79: 9.872 ms/op
Iteration  80: 3.973 ms/op
Iteration  81: 4.690 ms/op
Iteration  82: 4.961 ms/op
Iteration  83: 4.936 ms/op
Iteration  84: 1.742 ms/op
Iteration  85: 2.752 ms/op
Iteration  86: 2.372 ms/op
Iteration  87: 1.747 ms/op
Iteration  88: 1.461 ms/op
Iteration  89: 1.389 ms/op
Iteration  90: 2.111 ms/op
Iteration  91: 3.696 ms/op
Iteration  92: 3.048 ms/op
Iteration  93: 1.813 ms/op
Iteration  94: 6.756 ms/op
Iteration  95: 2.449 ms/op
Iteration  96: 1.059 ms/op
Iteration  97: 0.270 ms/op
Iteration  98: 0.275 ms/op
Iteration  99: 0.290 ms/op
Iteration 100: 0.290 ms/op
Iteration 101: 0.958 ms/op
Iteration 102: 0.294 ms/op
Iteration 103: 1.058 ms/op
Iteration 104: 1.101 ms/op
Iteration 105: 1.209 ms/op
Iteration 106: 0.447 ms/op
Iteration 107: 0.867 ms/op
Iteration 108: 0.638 ms/op
Iteration 109: 0.602 ms/op
Iteration 110: 0.400 ms/op
Iteration 111: 1.474 ms/op
Iteration 112: 0.409 ms/op
Iteration 113: 1.566 ms/op
Iteration 114: 0.891 ms/op
Iteration 115: 0.773 ms/op
Iteration 116: 0.763 ms/op
Iteration 117: 0.798 ms/op
Iteration 118: 2.366 ms/op
Iteration 119: 2.412 ms/op
Iteration 120: 0.486 ms/op
Iteration 121: 0.570 ms/op
Iteration 122: 0.471 ms/op
Iteration 123: 0.742 ms/op
Iteration 124: 1.535 ms/op
Iteration 125: 0.492 ms/op
Iteration 126: 0.508 ms/op
Iteration 127: 0.489 ms/op
Iteration 128: 0.728 ms/op
Iteration 129: 0.618 ms/op
Iteration 130: 0.615 ms/op
Iteration 131: 0.600 ms/op
Iteration 132: 0.579 ms/op
Iteration 133: 0.695 ms/op
Iteration 134: 0.502 ms/op
Iteration 135: 0.513 ms/op
Iteration 136: 0.510 ms/op
Iteration 137: 0.565 ms/op
Iteration 138: 0.487 ms/op
Iteration 139: 0.483 ms/op
Iteration 140: 0.608 ms/op
Iteration 141: 1.348 ms/op
Iteration 142: 0.319 ms/op
Iteration 143: 0.313 ms/op
Iteration 144: 0.272 ms/op
Iteration 145: 0.500 ms/op
Iteration 146: 0.315 ms/op
Iteration 147: 0.323 ms/op
Iteration 148: 0.368 ms/op
Iteration 149: 0.346 ms/op
Iteration 150: 0.295 ms/op
Iteration 151: 0.343 ms/op
Iteration 152: 0.317 ms/op
Iteration 153: 0.453 ms/op
Iteration 154: 0.331 ms/op
Iteration 155: 0.352 ms/op
Iteration 156: 0.358 ms/op
Iteration 157: 0.346 ms/op
Iteration 158: 0.370 ms/op
Iteration 159: 0.331 ms/op
Iteration 160: 0.544 ms/op
Iteration 161: 0.453 ms/op
Iteration 162: 0.454 ms/op
Iteration 163: 0.361 ms/op
Iteration 164: 0.346 ms/op
Iteration 165: 0.362 ms/op
Iteration 166: 0.511 ms/op
Iteration 167: 0.360 ms/op
Iteration 168: 7.622 ms/op
Iteration 169: 0.403 ms/op
Iteration 170: 0.361 ms/op
Iteration 171: 0.351 ms/op
Iteration 172: 0.417 ms/op
Iteration 173: 0.403 ms/op
Iteration 174: 0.518 ms/op
Iteration 175: 0.414 ms/op
Iteration 176: 0.493 ms/op
Iteration 177: 0.576 ms/op
Iteration 178: 1.142 ms/op
Iteration 179: 0.395 ms/op
Iteration 180: 0.388 ms/op
Iteration 181: 0.373 ms/op
Iteration 182: 0.388 ms/op
Iteration 183: 0.403 ms/op
Iteration 184: 0.362 ms/op
Iteration 185: 0.351 ms/op
Iteration 186: 0.403 ms/op
Iteration 187: 0.370 ms/op
Iteration 188: 0.435 ms/op
Iteration 189: 0.360 ms/op
Iteration 190: 0.389 ms/op
Iteration 191: 0.376 ms/op
Iteration 192: 0.390 ms/op
Iteration 193: 0.374 ms/op
Iteration 194: 0.433 ms/op
Iteration 195: 0.588 ms/op
Iteration 196: 0.806 ms/op
Iteration 197: 0.584 ms/op
Iteration 198: 1.043 ms/op
Iteration 199: 1.068 ms/op
Iteration 200: 0.848 ms/op
Iteration 201: 0.456 ms/op
Iteration 202: 0.471 ms/op
Iteration 203: 0.418 ms/op
Iteration 204: 0.563 ms/op
Iteration 205: 0.546 ms/op
Iteration 206: 0.569 ms/op
Iteration 207: 1.041 ms/op
Iteration 208: 0.591 ms/op
Iteration 209: 1.054 ms/op
Iteration 210: 2.824 ms/op
Iteration 211: 0.415 ms/op
Iteration 212: 0.444 ms/op
Iteration 213: 0.463 ms/op
Iteration 214: 0.488 ms/op
Iteration 215: 0.492 ms/op
Iteration 216: 0.530 ms/op
Iteration 217: 0.460 ms/op
Iteration 218: 0.533 ms/op
Iteration 219: 0.632 ms/op
Iteration 220: 0.628 ms/op
Iteration 221: 0.634 ms/op
Iteration 222: 0.582 ms/op
Iteration 223: 0.643 ms/op
Iteration 224: 1.252 ms/op
Iteration 225: 0.718 ms/op
Iteration 226: 1.231 ms/op
Iteration 227: 0.840 ms/op
Iteration 228: 8.202 ms/op
Iteration 229: 0.535 ms/op
Iteration 230: 2.032 ms/op
Iteration 231: 0.799 ms/op
Iteration 232: 0.848 ms/op
Iteration 233: 0.839 ms/op
Iteration 234: 1.057 ms/op
Iteration 235: 0.812 ms/op
Iteration 236: 0.660 ms/op
Iteration 237: 0.675 ms/op
Iteration 238: 1.889 ms/op
Iteration 239: 0.604 ms/op
Iteration 240: 0.672 ms/op
Iteration 241: 1.259 ms/op
Iteration 242: 0.583 ms/op
Iteration 243: 1.908 ms/op
Iteration 244: 0.567 ms/op
Iteration 245: 0.615 ms/op
Iteration 246: 0.515 ms/op
Iteration 247: 0.528 ms/op
Iteration 248: 0.520 ms/op
Iteration 249: 0.524 ms/op
Iteration 250: 0.543 ms/op
Iteration 251: 0.497 ms/op
Iteration 252: 0.505 ms/op
Iteration 253: 0.457 ms/op
Iteration 254: 0.510 ms/op
Iteration 255: 0.544 ms/op
Iteration 256: 0.721 ms/op
Iteration 257: 0.516 ms/op
Iteration 258: 0.569 ms/op
Iteration 259: 0.540 ms/op
Iteration 260: 0.783 ms/op
Iteration 261: 0.750 ms/op
Iteration 262: 1.493 ms/op
Iteration 263: 0.980 ms/op
Iteration 264: 1.352 ms/op
Iteration 265: 0.560 ms/op
Iteration 266: 0.559 ms/op
Iteration 267: 0.572 ms/op
Iteration 268: 0.715 ms/op
Iteration 269: 0.589 ms/op
Iteration 270: 0.855 ms/op
Iteration 271: 0.919 ms/op
Iteration 272: 0.881 ms/op
Iteration 273: 3.620 ms/op
Iteration 274: 0.578 ms/op
Iteration 275: 0.708 ms/op
Iteration 276: 0.724 ms/op
Iteration 277: 0.924 ms/op
Iteration 278: 0.628 ms/op
Iteration 279: 0.610 ms/op
Iteration 280: 0.580 ms/op
Iteration 281: 0.719 ms/op
Iteration 282: 0.769 ms/op
Iteration 283: 1.019 ms/op
Iteration 284: 0.653 ms/op
Iteration 285: 0.824 ms/op
Iteration 286: 0.793 ms/op
Iteration 287: 4.844 ms/op
Iteration 288: 5.054 ms/op
Iteration 289: 12.455 ms/op
Iteration 290: 16.516 ms/op
Iteration 291: 32.521 ms/op
Iteration 292: 5.276 ms/op
Iteration 293: 17.132 ms/op
Iteration 294: 11.821 ms/op
Iteration 295: 11.943 ms/op
Iteration 296: 25.210 ms/op
Iteration 297: 7.071 ms/op
Iteration 298: 2.910 ms/op
Iteration 299: 0.914 ms/op
Iteration 300: 0.818 ms/op
Iteration 301: 1.055 ms/op
Iteration 302: 0.554 ms/op
Iteration 303: 0.790 ms/op
Iteration 304: 3.348 ms/op
Iteration 305: 0.645 ms/op
Iteration 306: 0.553 ms/op
Iteration 307: 0.603 ms/op
Iteration 308: 0.693 ms/op
Iteration 309: 0.695 ms/op
Iteration 310: 0.708 ms/op
Iteration 311: 0.837 ms/op
Iteration 312: 0.752 ms/op
Iteration 313: 0.959 ms/op
Iteration 314: 0.671 ms/op
Iteration 315: 1.033 ms/op
Iteration 316: 2.505 ms/op
Iteration 317: 1.874 ms/op
Iteration 318: 1.345 ms/op
Iteration 319: 1.810 ms/op
Iteration 320: 1.691 ms/op
Iteration 321: 1.052 ms/op
Iteration 322: 1.335 ms/op
Iteration 323: 1.056 ms/op
Iteration 324: 1.196 ms/op
Iteration 325: 2.505 ms/op
Iteration 326: 0.720 ms/op
Iteration 327: 0.660 ms/op
Iteration 328: 1.035 ms/op
Iteration 329: 0.749 ms/op
Iteration 330: 2.059 ms/op
Iteration 331: 1.607 ms/op
Iteration 332: 0.993 ms/op
Iteration 333: 0.630 ms/op
Iteration 334: 0.928 ms/op
Iteration 335: 1.020 ms/op
Iteration 336: 0.803 ms/op
Iteration 337: 0.858 ms/op
Iteration 338: 0.791 ms/op
Iteration 339: 2.224 ms/op
Iteration 340: 0.845 ms/op
Iteration 341: 0.845 ms/op
Iteration 342: 0.702 ms/op
Iteration 343: 2.659 ms/op
Iteration 344: 0.911 ms/op
Iteration 345: 1.646 ms/op
Iteration 346: 0.698 ms/op
Iteration 347: 0.789 ms/op
Iteration 348: 0.892 ms/op
Iteration 349: 1.457 ms/op
Iteration 350: 0.705 ms/op
Iteration 351: 0.821 ms/op
Iteration 352: 1.696 ms/op
Iteration 353: 0.770 ms/op
Iteration 354: 0.808 ms/op
Iteration 355: 0.893 ms/op
Iteration 356: 1.127 ms/op
Iteration 357: 1.103 ms/op
Iteration 358: 0.872 ms/op
Iteration 359: 1.103 ms/op
Iteration 360: 1.118 ms/op
Iteration 361: 0.821 ms/op
Iteration 362: 1.712 ms/op
Iteration 363: 2.041 ms/op
Iteration 364: 8.109 ms/op
Iteration 365: 1.069 ms/op
Iteration 366: 1.179 ms/op
Iteration 367: 2.488 ms/op
Iteration 368: 1.058 ms/op
Iteration 369: 1.051 ms/op
Iteration 370: 0.687 ms/op
Iteration 371: 0.686 ms/op
Iteration 372: 2.978 ms/op
Iteration 373: 0.706 ms/op
Iteration 374: 0.733 ms/op
Iteration 375: 1.053 ms/op
Iteration 376: 4.074 ms/op
Iteration 377: 0.875 ms/op
Iteration 378: 0.898 ms/op
Iteration 379: 2.815 ms/op
Iteration 380: 0.777 ms/op
Iteration 381: 0.734 ms/op
Iteration 382: 0.917 ms/op
Iteration 383: 4.225 ms/op
Iteration 384: 0.906 ms/op
Iteration 385: 2.141 ms/op
Iteration 386: 0.709 ms/op
Iteration 387: 1.234 ms/op
Iteration 388: 1.021 ms/op
Iteration 389: 1.219 ms/op
Iteration 390: 1.104 ms/op
Iteration 391: 2.370 ms/op
Iteration 392: 1.250 ms/op
Iteration 393: 2.571 ms/op
Iteration 394: 1.398 ms/op
Iteration 395: 0.770 ms/op
Iteration 396: 0.723 ms/op
Iteration 397: 0.758 ms/op
Iteration 398: 0.794 ms/op
Iteration 399: 1.344 ms/op
Iteration 400: 1.105 ms/op
Iteration 401: 1.042 ms/op
Iteration 402: 1.099 ms/op
Iteration 403: 1.054 ms/op
Iteration 404: 1.606 ms/op
Iteration 405: 0.854 ms/op
Iteration 406: 0.957 ms/op
Iteration 407: 0.944 ms/op
Iteration 408: 22.375 ms/op
Iteration 409: 3.236 ms/op
Iteration 410: 0.709 ms/op
Iteration 411: 0.677 ms/op
Iteration 412: 3.735 ms/op
Iteration 413: 2.370 ms/op
Iteration 414: 1.403 ms/op
Iteration 415: 1.348 ms/op
Iteration 416: 2.062 ms/op
Iteration 417: 2.740 ms/op
Iteration 418: 0.765 ms/op
Iteration 419: 1.662 ms/op
Iteration 420: 1.386 ms/op
Iteration 421: 0.819 ms/op
Iteration 422: 6.757 ms/op
Iteration 423: 2.167 ms/op
Iteration 424: 1.342 ms/op
Iteration 425: 1.144 ms/op
Iteration 426: 1.406 ms/op
Iteration 427: 1.400 ms/op
Iteration 428: 0.899 ms/op
Iteration 429: 0.861 ms/op
Iteration 430: 0.972 ms/op
Iteration 431: 2.457 ms/op
Iteration 432: 3.404 ms/op
Iteration 433: 0.925 ms/op
Iteration 434: 12.698 ms/op
Iteration 435: 0.969 ms/op
Iteration 436: 0.927 ms/op
Iteration 437: 0.809 ms/op
Iteration 438: 0.833 ms/op
Iteration 439: 0.874 ms/op
Iteration 440: 0.801 ms/op
Iteration 441: 1.461 ms/op
Iteration 442: 0.871 ms/op
Iteration 443: 0.845 ms/op
Iteration 444: 0.812 ms/op
Iteration 445: 0.927 ms/op
Iteration 446: 0.866 ms/op
Iteration 447: 1.326 ms/op
Iteration 448: 0.868 ms/op
Iteration 449: 0.845 ms/op
Iteration 450: 0.819 ms/op
Iteration 451: 0.862 ms/op
Iteration 452: 1.213 ms/op
Iteration 453: 2.483 ms/op
Iteration 454: 0.858 ms/op
Iteration 455: 7.627 ms/op
Iteration 456: 8.557 ms/op
Iteration 457: 11.912 ms/op
Iteration 458: 23.855 ms/op
Iteration 459: 17.792 ms/op
Iteration 460: 24.566 ms/op
Iteration 461: 12.323 ms/op
Iteration 462: 0.760 ms/op
Iteration 463: 6.126 ms/op
Iteration 464: 0.923 ms/op
Iteration 465: 1.047 ms/op
Iteration 466: 1.102 ms/op
Iteration 467: 0.936 ms/op
Iteration 468: 0.905 ms/op
Iteration 469: 1.261 ms/op
Iteration 470: 2.093 ms/op
Iteration 471: 0.733 ms/op
Iteration 472: 0.899 ms/op
Iteration 473: 1.835 ms/op
Iteration 474: 0.923 ms/op
Iteration 475: 2.677 ms/op
Iteration 476: 0.946 ms/op
Iteration 477: 1.225 ms/op
Iteration 478: 7.328 ms/op
Iteration 479: 1.959 ms/op
Iteration 480: 2.879 ms/op
Iteration 481: 1.858 ms/op
Iteration 482: 1.655 ms/op
Iteration 483: 2.501 ms/op
Iteration 484: 1.356 ms/op
Iteration 485: 1.012 ms/op
Iteration 486: 1.577 ms/op
Iteration 487: 1.094 ms/op
Iteration 488: 1.495 ms/op
Iteration 489: 1.350 ms/op
Iteration 490: 1.935 ms/op
Iteration 491: 1.068 ms/op
Iteration 492: 1.146 ms/op
Iteration 493: 3.238 ms/op
Iteration 494: 1.173 ms/op
Iteration 495: 1.080 ms/op
Iteration 496: 2.198 ms/op
Iteration 497: 0.984 ms/op
Iteration 498: 0.954 ms/op
Iteration 499: 3.734 ms/op
Iteration 500: 2.362 ms/op
Iteration 501: 2.132 ms/op
Iteration 502: 1.460 ms/op
Iteration 503: 1.587 ms/op
Iteration 504: 1.965 ms/op
Iteration 505: 1.232 ms/op
Iteration 506: 1.130 ms/op
Iteration 507: 1.147 ms/op
Iteration 508: 2.681 ms/op
Iteration 509: 1.095 ms/op
Iteration 510: 1.733 ms/op
Iteration 511: 2.755 ms/op
Iteration 512: 1.077 ms/op
Iteration 513: 1.482 ms/op
Iteration 514: 2.848 ms/op
Iteration 515: 1.283 ms/op
Iteration 516: 1.069 ms/op
Iteration 517: 1.211 ms/op
Iteration 518: 0.956 ms/op
Iteration 519: 4.024 ms/op
Iteration 520: 1.149 ms/op
Iteration 521: 7.018 ms/op
Iteration 522: 0.913 ms/op
Iteration 523: 3.795 ms/op
Iteration 524: 13.228 ms/op
Iteration 525: 2.009 ms/op
Iteration 526: 5.987 ms/op
Iteration 527: 1.685 ms/op
Iteration 528: 0.705 ms/op
Iteration 529: 1.483 ms/op
Iteration 530: 1.522 ms/op
Iteration 531: 1.347 ms/op
Iteration 532: 1.163 ms/op
Iteration 533: 1.706 ms/op
Iteration 534: 1.617 ms/op
Iteration 535: 3.188 ms/op
Iteration 536: 3.123 ms/op
Iteration 537: 6.618 ms/op
Iteration 538: 2.031 ms/op
Iteration 539: 1.578 ms/op
Iteration 540: 0.914 ms/op
Iteration 541: 3.480 ms/op
Iteration 542: 3.587 ms/op
Iteration 543: 0.950 ms/op
Iteration 544: 2.096 ms/op
Iteration 545: 13.321 ms/op
Iteration 546: 1.012 ms/op
Iteration 547: 3.315 ms/op
Iteration 548: 1.259 ms/op
Iteration 549: 0.971 ms/op
Iteration 550: 1.012 ms/op
Iteration 551: 5.544 ms/op
Iteration 552: 1.564 ms/op
Iteration 553: 17.663 ms/op
Iteration 554: 1.319 ms/op
Iteration 555: 1.065 ms/op
Iteration 556: 3.031 ms/op
Iteration 557: 1.241 ms/op
Iteration 558: 2.778 ms/op
Iteration 559: 1.356 ms/op
Iteration 560: 1.059 ms/op
Iteration 561: 1.078 ms/op
Iteration 562: 2.306 ms/op
Iteration 563: 4.017 ms/op
Iteration 564: 2.891 ms/op
Iteration 565: 1.467 ms/op
Iteration 566: 1.155 ms/op
Iteration 567: 1.026 ms/op
Iteration 568: 0.974 ms/op
Iteration 569: 1.596 ms/op
Iteration 570: 1.019 ms/op
Iteration 571: 1.028 ms/op
Iteration 572: 0.997 ms/op
Iteration 573: 1.505 ms/op
Iteration 574: 0.993 ms/op
Iteration 575: 1.047 ms/op
Iteration 576: 1.325 ms/op
Iteration 577: 1.025 ms/op
Iteration 578: 2.536 ms/op
Iteration 579: 1.058 ms/op
Iteration 580: 7.135 ms/op
Iteration 581: 31.904 ms/op
Iteration 582: 0.876 ms/op
Iteration 583: 0.967 ms/op
Iteration 584: 0.995 ms/op
Iteration 585: 1.690 ms/op
Iteration 586: 4.973 ms/op
Iteration 587: 2.191 ms/op
Iteration 588: 1.080 ms/op
Iteration 589: 1.203 ms/op
Iteration 590: 3.815 ms/op
Iteration 591: 3.457 ms/op
Iteration 592: 1.518 ms/op
Iteration 593: 1.408 ms/op
Iteration 594: 1.597 ms/op
Iteration 595: 1.551 ms/op
Iteration 596: 3.240 ms/op
Iteration 597: 1.111 ms/op
Iteration 598: 1.525 ms/op
Iteration 599: 2.516 ms/op
Iteration 600: 1.149 ms/op
Iteration 601: 0.858 ms/op
Iteration 602: 1.184 ms/op
Iteration 603: 1.695 ms/op
Iteration 604: 1.753 ms/op
Iteration 605: 1.214 ms/op
Iteration 606: 1.502 ms/op
Iteration 607: 1.116 ms/op
Iteration 608: 1.249 ms/op
Iteration 609: 1.610 ms/op
Iteration 610: 1.130 ms/op
Iteration 611: 1.606 ms/op
Iteration 612: 1.378 ms/op
Iteration 613: 3.291 ms/op
Iteration 614: 1.476 ms/op
Iteration 615: 1.527 ms/op
Iteration 616: 1.362 ms/op
Iteration 617: 2.462 ms/op
Iteration 618: 1.265 ms/op
Iteration 619: 1.573 ms/op
Iteration 620: 1.528 ms/op
Iteration 621: 1.416 ms/op
Iteration 622: 1.287 ms/op
Iteration 623: 1.552 ms/op
Iteration 624: 1.209 ms/op
Iteration 625: 1.158 ms/op
Iteration 626: 1.348 ms/op
Iteration 627: 4.514 ms/op
Iteration 628: 1.340 ms/op
Iteration 629: 1.269 ms/op
Iteration 630: 1.229 ms/op
Iteration 631: 1.190 ms/op
Iteration 632: 1.146 ms/op
Iteration 633: 1.305 ms/op
Iteration 634: 1.155 ms/op
Iteration 635: 11.630 ms/op
Iteration 636: 15.101 ms/op
Iteration 637: 16.339 ms/op
Iteration 638: 52.100 ms/op
Iteration 639: 20.547 ms/op
Iteration 640: 38.437 ms/op
Iteration 641: 42.845 ms/op
Iteration 642: 24.342 ms/op
Iteration 643: 4.623 ms/op
Iteration 644: 3.436 ms/op
Iteration 645: 1.126 ms/op
Iteration 646: 2.037 ms/op
Iteration 647: 1.441 ms/op
Iteration 648: 1.359 ms/op
Iteration 649: 1.558 ms/op
Iteration 650: 2.193 ms/op
Iteration 651: 1.611 ms/op
Iteration 652: 1.166 ms/op
Iteration 653: 2.007 ms/op
Iteration 654: 1.058 ms/op
Iteration 655: 1.425 ms/op
Iteration 656: 7.206 ms/op
Iteration 657: 3.108 ms/op
Iteration 658: 7.150 ms/op
Iteration 659: 1.933 ms/op
Iteration 660: 2.073 ms/op
Iteration 661: 2.069 ms/op
Iteration 662: 2.715 ms/op
Iteration 663: 2.478 ms/op
Iteration 664: 2.534 ms/op
Iteration 665: 2.277 ms/op
Iteration 666: 1.222 ms/op
Iteration 667: 1.888 ms/op
Iteration 668: 1.278 ms/op
Iteration 669: 1.195 ms/op
Iteration 670: 1.107 ms/op
Iteration 671: 1.591 ms/op
Iteration 672: 2.686 ms/op
Iteration 673: 1.522 ms/op
Iteration 674: 1.090 ms/op
Iteration 675: 1.346 ms/op
Iteration 676: 1.448 ms/op
Iteration 677: 2.661 ms/op
Iteration 678: 1.231 ms/op
Iteration 679: 1.345 ms/op
Iteration 680: 1.650 ms/op
Iteration 681: 1.675 ms/op
Iteration 682: 2.877 ms/op
Iteration 683: 1.317 ms/op
Iteration 684: 1.283 ms/op
Iteration 685: 1.938 ms/op
Iteration 686: 1.434 ms/op
Iteration 687: 1.451 ms/op
Iteration 688: 1.335 ms/op
Iteration 689: 1.520 ms/op
Iteration 690: 2.287 ms/op
Iteration 691: 1.784 ms/op
Iteration 692: 1.726 ms/op
Iteration 693: 1.170 ms/op
Iteration 694: 2.183 ms/op
Iteration 695: 1.317 ms/op
Iteration 696: 3.131 ms/op
Iteration 697: 1.687 ms/op
Iteration 698: 2.516 ms/op
Iteration 699: 1.953 ms/op
Iteration 700: 1.731 ms/op
Iteration 701: 1.411 ms/op
Iteration 702: 1.376 ms/op
Iteration 703: 1.428 ms/op
Iteration 704: 1.267 ms/op
Iteration 705: 1.436 ms/op
Iteration 706: 1.576 ms/op
Iteration 707: 1.568 ms/op
Iteration 708: 1.686 ms/op
Iteration 709: 2.704 ms/op
Iteration 710: 1.484 ms/op
Iteration 711: 1.320 ms/op
Iteration 712: 1.568 ms/op
Iteration 713: 1.424 ms/op
Iteration 714: 1.491 ms/op
Iteration 715: 1.584 ms/op
Iteration 716: 1.780 ms/op
Iteration 717: 1.940 ms/op
Iteration 718: 15.910 ms/op
Iteration 719: 1.416 ms/op
Iteration 720: 1.508 ms/op
Iteration 721: 2.988 ms/op
Iteration 722: 1.548 ms/op
Iteration 723: 1.817 ms/op
Iteration 724: 1.844 ms/op
Iteration 725: 2.084 ms/op
Iteration 726: 1.656 ms/op
Iteration 727: 1.519 ms/op
Iteration 728: 2.171 ms/op
Iteration 729: 1.318 ms/op
Iteration 730: 1.636 ms/op
Iteration 731: 1.673 ms/op
Iteration 732: 1.771 ms/op
Iteration 733: 1.623 ms/op
Iteration 734: 1.542 ms/op
Iteration 735: 1.657 ms/op
Iteration 736: 1.447 ms/op
Iteration 737: 2.447 ms/op
Iteration 738: 1.166 ms/op
Iteration 739: 2.661 ms/op
Iteration 740: 1.311 ms/op
Iteration 741: 1.716 ms/op
Iteration 742: 1.932 ms/op
Iteration 743: 2.444 ms/op
Iteration 744: 1.461 ms/op
Iteration 745: 1.689 ms/op
Iteration 746: 2.737 ms/op
Iteration 747: 3.688 ms/op
Iteration 748: 1.920 ms/op
Iteration 749: 1.303 ms/op
Iteration 750: 3.281 ms/op
Iteration 751: 1.384 ms/op
Iteration 752: 1.506 ms/op
Iteration 753: 1.649 ms/op
Iteration 754: 3.697 ms/op
Iteration 755: 3.892 ms/op
Iteration 756: 4.959 ms/op
Iteration 757: 2.745 ms/op
Iteration 758: 1.561 ms/op
Iteration 759: 3.267 ms/op
Iteration 760: 1.702 ms/op
Iteration 761: 3.791 ms/op
Iteration 762: 1.582 ms/op
Iteration 763: 1.491 ms/op
Iteration 764: 2.535 ms/op
Iteration 765: 2.718 ms/op
Iteration 766: 2.892 ms/op
Iteration 767: 1.851 ms/op
Iteration 768: 3.633 ms/op
Iteration 769: 1.825 ms/op
Iteration 770: 1.515 ms/op
Iteration 771: 1.854 ms/op
Iteration 772: 2.507 ms/op
Iteration 773: 1.670 ms/op
Iteration 774: 7.411 ms/op
Iteration 775: 6.820 ms/op
Iteration 776: 1.874 ms/op
Iteration 777: 1.833 ms/op
Iteration 778: 2.880 ms/op
Iteration 779: 2.345 ms/op
Iteration 780: 2.795 ms/op
Iteration 781: 4.462 ms/op
Iteration 782: 3.690 ms/op
Iteration 783: 2.917 ms/op
Iteration 784: 4.680 ms/op
Iteration 785: 1.386 ms/op
Iteration 786: 1.504 ms/op
Iteration 787: 2.189 ms/op
Iteration 788: 2.586 ms/op
Iteration 789: 1.681 ms/op
Iteration 790: 2.096 ms/op
Iteration 791: 1.957 ms/op
Iteration 792: 41.510 ms/op
Iteration 793: 51.355 ms/op
Iteration 794: 8.342 ms/op
Iteration 795: 11.040 ms/op
Iteration 796: 19.299 ms/op
Iteration 797: 24.728 ms/op
Iteration 798: 11.935 ms/op
Iteration 799: 15.240 ms/op
Iteration 800: 17.504 ms/op
Iteration 801: 25.855 ms/op
Iteration 802: 18.028 ms/op
Iteration 803: 11.067 ms/op
Iteration 804: 12.745 ms/op
Iteration 805: 15.417 ms/op
Iteration 806: 25.188 ms/op
Iteration 807: 15.861 ms/op
Iteration 808: 16.391 ms/op
Iteration 809: 25.558 ms/op
Iteration 810: 14.255 ms/op
Iteration 811: 13.967 ms/op
Iteration 812: 40.135 ms/op
Iteration 813: 16.978 ms/op
Iteration 814: 2.106 ms/op
Iteration 815: 2.642 ms/op
Iteration 816: 1.901 ms/op
Iteration 817: 3.094 ms/op
Iteration 818: 1.860 ms/op
Iteration 819: 1.640 ms/op
Iteration 820: 1.364 ms/op
Iteration 821: 2.904 ms/op
Iteration 822: 2.290 ms/op
Iteration 823: 6.395 ms/op
Iteration 824: 2.326 ms/op
Iteration 825: 3.081 ms/op
Iteration 826: 4.501 ms/op
Iteration 827: 5.111 ms/op
Iteration 828: 1.912 ms/op
Iteration 829: 2.370 ms/op
Iteration 830: 2.744 ms/op
Iteration 831: 3.651 ms/op
Iteration 832: 2.383 ms/op
Iteration 833: 2.246 ms/op
Iteration 834: 2.585 ms/op
Iteration 835: 2.614 ms/op
Iteration 836: 2.389 ms/op
Iteration 837: 2.079 ms/op
Iteration 838: 1.855 ms/op
Iteration 839: 1.671 ms/op
Iteration 840: 1.639 ms/op
Iteration 841: 3.048 ms/op
Iteration 842: 3.559 ms/op
Iteration 843: 1.639 ms/op
Iteration 844: 2.067 ms/op
Iteration 845: 1.560 ms/op
Iteration 846: 1.582 ms/op
Iteration 847: 1.683 ms/op
Iteration 848: 2.174 ms/op
Iteration 849: 1.894 ms/op
Iteration 850: 1.526 ms/op
Iteration 851: 10.299 ms/op
Iteration 852: 1.690 ms/op
Iteration 853: 1.621 ms/op
Iteration 854: 2.226 ms/op
Iteration 855: 3.039 ms/op
Iteration 856: 1.504 ms/op
Iteration 857: 1.636 ms/op
Iteration 858: 1.756 ms/op
Iteration 859: 1.702 ms/op
Iteration 860: 2.025 ms/op
Iteration 861: 1.493 ms/op
Iteration 862: 2.727 ms/op
Iteration 863: 1.886 ms/op
Iteration 864: 2.834 ms/op
Iteration 865: 3.167 ms/op
Iteration 866: 1.683 ms/op
Iteration 867: 1.802 ms/op
Iteration 868: 2.257 ms/op
Iteration 869: 2.104 ms/op
Iteration 870: 2.543 ms/op
Iteration 871: 1.981 ms/op
Iteration 872: 1.761 ms/op
Iteration 873: 1.720 ms/op
Iteration 874: 3.888 ms/op
Iteration 875: 2.324 ms/op
Iteration 876: 1.855 ms/op
Iteration 877: 1.909 ms/op
Iteration 878: 2.117 ms/op
Iteration 879: 3.246 ms/op
Iteration 880: 1.847 ms/op
Iteration 881: 3.435 ms/op
Iteration 882: 1.724 ms/op
Iteration 883: 2.086 ms/op
Iteration 884: 3.108 ms/op
Iteration 885: 2.790 ms/op
Iteration 886: 4.896 ms/op
Iteration 887: 1.735 ms/op
Iteration 888: 2.006 ms/op
Iteration 889: 2.042 ms/op
Iteration 890: 2.318 ms/op
Iteration 891: 2.245 ms/op
Iteration 892: 2.258 ms/op
Iteration 893: 2.128 ms/op
Iteration 894: 1.860 ms/op
Iteration 895: 2.255 ms/op
Iteration 896: 2.131 ms/op
Iteration 897: 2.837 ms/op
Iteration 898: 2.078 ms/op
Iteration 899: 1.739 ms/op
Iteration 900: 1.869 ms/op
Iteration 901: 2.477 ms/op
Iteration 902: 2.013 ms/op
Iteration 903: 3.218 ms/op
Iteration 904: 1.987 ms/op
Iteration 905: 1.756 ms/op
Iteration 906: 1.848 ms/op
Iteration 907: 4.709 ms/op
Iteration 908: 3.608 ms/op
Iteration 909: 1.828 ms/op
Iteration 910: 1.675 ms/op
Iteration 911: 1.584 ms/op
Iteration 912: 2.462 ms/op
Iteration 913: 1.922 ms/op
Iteration 914: 2.281 ms/op
Iteration 915: 3.285 ms/op
Iteration 916: 1.669 ms/op
Iteration 917: 1.807 ms/op
Iteration 918: 2.524 ms/op
Iteration 919: 2.174 ms/op
Iteration 920: 2.295 ms/op
Iteration 921: 2.335 ms/op
Iteration 922: 1.626 ms/op
Iteration 923: 1.752 ms/op
Iteration 924: 3.359 ms/op
Iteration 925: 1.846 ms/op
Iteration 926: 2.641 ms/op
Iteration 927: 1.780 ms/op
Iteration 928: 1.820 ms/op
Iteration 929: 1.770 ms/op
Iteration 930: 1.875 ms/op
Iteration 931: 2.079 ms/op
Iteration 932: 3.264 ms/op
Iteration 933: 3.173 ms/op
Iteration 934: 1.643 ms/op
Iteration 935: 2.857 ms/op
Iteration 936: 2.042 ms/op
Iteration 937: 3.039 ms/op
Iteration 938: 2.058 ms/op
Iteration 939: 2.030 ms/op
Iteration 940: 1.750 ms/op
Iteration 941: 2.124 ms/op
Iteration 942: 2.974 ms/op
Iteration 943: 2.883 ms/op
Iteration 944: 1.489 ms/op
Iteration 945: 1.624 ms/op
Iteration 946: 2.055 ms/op
Iteration 947: 2.167 ms/op
Iteration 948: 2.091 ms/op
Iteration 949: 3.464 ms/op
Iteration 950: 2.266 ms/op
Iteration 951: 1.832 ms/op
Iteration 952: 1.755 ms/op
Iteration 953: 2.844 ms/op
Iteration 954: 4.474 ms/op
Iteration 955: 2.184 ms/op
Iteration 956: 2.772 ms/op
Iteration 957: 2.989 ms/op
Iteration 958: 4.947 ms/op
Iteration 959: 1.896 ms/op
Iteration 960: 2.107 ms/op
Iteration 961: 2.309 ms/op
Iteration 962: 3.288 ms/op
Iteration 963: 3.058 ms/op
Iteration 964: 2.904 ms/op
Iteration 965: 2.655 ms/op
Iteration 966: 2.925 ms/op
Iteration 967: 2.979 ms/op
Iteration 968: 3.763 ms/op
Iteration 969: 2.477 ms/op
Iteration 970: 2.803 ms/op
Iteration 971: 3.079 ms/op
Iteration 972: 3.435 ms/op
Iteration 973: 2.415 ms/op
Iteration 974: 2.832 ms/op
Iteration 975: 2.767 ms/op
Iteration 976: 2.442 ms/op
Iteration 977: 3.600 ms/op
Iteration 978: 2.110 ms/op
Iteration 979: 1.914 ms/op
Iteration 980: 2.182 ms/op
Iteration 981: 2.435 ms/op
Iteration 982: 2.348 ms/op
Iteration 983: 4.026 ms/op
Iteration 984: 3.576 ms/op
Iteration 985: 2.814 ms/op
Iteration 986: 2.655 ms/op
Iteration 987: 2.379 ms/op
Iteration 988: 2.911 ms/op
Iteration 989: 2.833 ms/op
Iteration 990: 2.796 ms/op
Iteration 991: 2.536 ms/op
Iteration 992: 3.665 ms/op
Iteration 993: 1.911 ms/op
Iteration 994: 1.744 ms/op
Iteration 995: 1.777 ms/op
Iteration 996: 3.351 ms/op
Iteration 997: 3.282 ms/op
Iteration 998: 2.947 ms/op
Iteration 999: 2.103 ms/op
Iteration 1000: 1.838 ms/op


Result "org.example.acrastt.utils.Benchmark.nativeStringAppend":
  N = 1000
  mean =      2.652 ±(99.9%) 0.516 ms/op

  Histogram, ms/op:
    [ 0.000,  5.000) = 923 
    [ 5.000, 10.000) = 26 
    [10.000, 15.000) = 17 
    [15.000, 20.000) = 16 
    [20.000, 25.000) = 6 
    [25.000, 30.000) = 4 
    [30.000, 35.000) = 2 
    [35.000, 40.000) = 1 
    [40.000, 45.000) = 3 
    [45.000, 50.000) = 0 
    [50.000, 55.000) = 2 

  Percentiles, ms/op:
      p(0.0000) =      0.077 ms/op
     p(50.0000) =      1.464 ms/op
     p(90.0000) =      3.881 ms/op
     p(95.0000) =     10.318 ms/op
     p(99.0000) =     25.555 ms/op
     p(99.9000) =     52.099 ms/op
     p(99.9900) =     52.100 ms/op
     p(99.9990) =     52.100 ms/op
     p(99.9999) =     52.100 ms/op
    p(100.0000) =     52.100 ms/op


# JMH version: 1.36
# VM version: JDK 19.0.2, Java HotSpot(TM) 64-Bit Server VM, 19.0.2+7-44
# VM invoker: /Library/Java/JavaVirtualMachines/jdk-19.jdk/Contents/Home/bin/java
# VM options: <none>
# Blackhole mode: compiler (auto-detected, use -Djmh.blackhole.autoDetect=false to disable)
# Warmup: 50 iterations, single-shot each
# Measurement: 1000 iterations, single-shot each
# Timeout: 10 min per iteration
# Threads: 1 thread
# Benchmark mode: Single shot invocation time
# Benchmark: org.example.acrastt.utils.Benchmark.stringBuilder

# Run progress: 50.00% complete, ETA 00:00:04
# Fork: 1 of 1
# Warmup Iteration   1: 0.047 ms/op
# Warmup Iteration   2: 0.016 ms/op
# Warmup Iteration   3: 0.021 ms/op
# Warmup Iteration   4: 0.016 ms/op
# Warmup Iteration   5: 0.017 ms/op
# Warmup Iteration   6: 0.015 ms/op
# Warmup Iteration   7: 0.035 ms/op
# Warmup Iteration   8: 0.014 ms/op
# Warmup Iteration   9: 0.012 ms/op
# Warmup Iteration  10: 0.015 ms/op
# Warmup Iteration  11: 0.016 ms/op
# Warmup Iteration  12: 0.010 ms/op
# Warmup Iteration  13: 0.011 ms/op
# Warmup Iteration  14: 0.014 ms/op
# Warmup Iteration  15: 0.014 ms/op
# Warmup Iteration  16: 0.022 ms/op
# Warmup Iteration  17: 0.011 ms/op
# Warmup Iteration  18: 0.013 ms/op
# Warmup Iteration  19: 0.012 ms/op
# Warmup Iteration  20: 0.019 ms/op
# Warmup Iteration  21: 0.017 ms/op
# Warmup Iteration  22: 0.013 ms/op
# Warmup Iteration  23: 0.013 ms/op
# Warmup Iteration  24: 0.013 ms/op
# Warmup Iteration  25: 0.017 ms/op
# Warmup Iteration  26: 0.045 ms/op
# Warmup Iteration  27: 0.014 ms/op
# Warmup Iteration  28: 0.014 ms/op
# Warmup Iteration  29: 0.019 ms/op
# Warmup Iteration  30: 0.012 ms/op
# Warmup Iteration  31: 0.014 ms/op
# Warmup Iteration  32: 0.012 ms/op
# Warmup Iteration  33: 0.020 ms/op
# Warmup Iteration  34: 0.012 ms/op
# Warmup Iteration  35: 0.014 ms/op
# Warmup Iteration  36: 0.012 ms/op
# Warmup Iteration  37: 0.013 ms/op
# Warmup Iteration  38: 0.013 ms/op
# Warmup Iteration  39: 0.013 ms/op
# Warmup Iteration  40: 0.012 ms/op
# Warmup Iteration  41: 0.015 ms/op
# Warmup Iteration  42: 0.019 ms/op
# Warmup Iteration  43: 0.010 ms/op
# Warmup Iteration  44: 0.016 ms/op
# Warmup Iteration  45: 0.013 ms/op
# Warmup Iteration  46: 0.020 ms/op
# Warmup Iteration  47: 0.013 ms/op
# Warmup Iteration  48: 0.012 ms/op
# Warmup Iteration  49: 0.014 ms/op
# Warmup Iteration  50: 0.011 ms/op
Iteration   1: 0.012 ms/op
Iteration   2: 0.015 ms/op
Iteration   3: 0.014 ms/op
Iteration   4: 0.013 ms/op
Iteration   5: 0.018 ms/op
Iteration   6: 0.013 ms/op
Iteration   7: 0.013 ms/op
Iteration   8: 0.014 ms/op
Iteration   9: 0.019 ms/op
Iteration  10: 0.012 ms/op
Iteration  11: 0.010 ms/op
Iteration  12: 0.010 ms/op
Iteration  13: 0.011 ms/op
Iteration  14: 0.008 ms/op
Iteration  15: 0.011 ms/op
Iteration  16: 0.013 ms/op
Iteration  17: 0.013 ms/op
Iteration  18: 0.020 ms/op
Iteration  19: 0.011 ms/op
Iteration  20: 0.008 ms/op
Iteration  21: 0.011 ms/op
Iteration  22: 0.022 ms/op
Iteration  23: 0.011 ms/op
Iteration  24: 0.012 ms/op
Iteration  25: 0.010 ms/op
Iteration  26: 0.011 ms/op
Iteration  27: 0.011 ms/op
Iteration  28: 0.011 ms/op
Iteration  29: 0.011 ms/op
Iteration  30: 0.009 ms/op
Iteration  31: 0.014 ms/op
Iteration  32: 0.013 ms/op
Iteration  33: 0.011 ms/op
Iteration  34: 0.011 ms/op
Iteration  35: 0.019 ms/op
Iteration  36: 0.013 ms/op
Iteration  37: 0.013 ms/op
Iteration  38: 0.012 ms/op
Iteration  39: 0.012 ms/op
Iteration  40: 0.012 ms/op
Iteration  41: 0.015 ms/op
Iteration  42: 0.014 ms/op
Iteration  43: 0.018 ms/op
Iteration  44: 0.025 ms/op
Iteration  45: 0.009 ms/op
Iteration  46: 0.013 ms/op
Iteration  47: 0.014 ms/op
Iteration  48: 0.019 ms/op
Iteration  49: 0.011 ms/op
Iteration  50: 0.012 ms/op
Iteration  51: 0.012 ms/op
Iteration  52: 0.011 ms/op
Iteration  53: 0.014 ms/op
Iteration  54: 0.011 ms/op
Iteration  55: 0.011 ms/op
Iteration  56: 0.008 ms/op
Iteration  57: 0.015 ms/op
Iteration  58: 0.008 ms/op
Iteration  59: 0.008 ms/op
Iteration  60: 0.007 ms/op
Iteration  61: 0.013 ms/op
Iteration  62: 0.007 ms/op
Iteration  63: 0.020 ms/op
Iteration  64: 0.010 ms/op
Iteration  65: 0.059 ms/op
Iteration  66: 0.014 ms/op
Iteration  67: 0.012 ms/op
Iteration  68: 0.012 ms/op
Iteration  69: 0.010 ms/op
Iteration  70: 0.043 ms/op
Iteration  71: 0.011 ms/op
Iteration  72: 0.012 ms/op
Iteration  73: 0.045 ms/op
Iteration  74: 0.023 ms/op
Iteration  75: 0.013 ms/op
Iteration  76: 0.013 ms/op
Iteration  77: 0.013 ms/op
Iteration  78: 0.013 ms/op
Iteration  79: 0.012 ms/op
Iteration  80: 0.206 ms/op
Iteration  81: 0.014 ms/op
Iteration  82: 0.015 ms/op
Iteration  83: 0.034 ms/op
Iteration  84: 0.009 ms/op
Iteration  85: 0.006 ms/op
Iteration  86: 0.008 ms/op
Iteration  87: 0.007 ms/op
Iteration  88: 0.006 ms/op
Iteration  89: 0.018 ms/op
Iteration  90: 0.023 ms/op
Iteration  91: 0.009 ms/op
Iteration  92: 0.006 ms/op
Iteration  93: 0.014 ms/op
Iteration  94: 0.008 ms/op
Iteration  95: 0.009 ms/op
Iteration  96: 0.009 ms/op
Iteration  97: 0.009 ms/op
Iteration  98: 0.007 ms/op
Iteration  99: 0.009 ms/op
Iteration 100: 0.007 ms/op
Iteration 101: 0.006 ms/op
Iteration 102: 0.012 ms/op
Iteration 103: 0.005 ms/op
Iteration 104: 0.009 ms/op
Iteration 105: 0.007 ms/op
Iteration 106: 0.012 ms/op
Iteration 107: 0.007 ms/op
Iteration 108: 0.008 ms/op
Iteration 109: 0.007 ms/op
Iteration 110: 0.007 ms/op
Iteration 111: 0.007 ms/op
Iteration 112: 0.008 ms/op
Iteration 113: 0.008 ms/op
Iteration 114: 0.008 ms/op
Iteration 115: 0.015 ms/op
Iteration 116: 0.008 ms/op
Iteration 117: 0.007 ms/op
Iteration 118: 0.007 ms/op
Iteration 119: 0.014 ms/op
Iteration 120: 0.007 ms/op
Iteration 121: 0.007 ms/op
Iteration 122: 0.008 ms/op
Iteration 123: 0.008 ms/op
Iteration 124: 0.008 ms/op
Iteration 125: 0.007 ms/op
Iteration 126: 0.009 ms/op
Iteration 127: 0.009 ms/op
Iteration 128: 0.030 ms/op
Iteration 129: 0.007 ms/op
Iteration 130: 0.009 ms/op
Iteration 131: 0.047 ms/op
Iteration 132: 0.019 ms/op
Iteration 133: 0.007 ms/op
Iteration 134: 0.007 ms/op
Iteration 135: 0.009 ms/op
Iteration 136: 0.008 ms/op
Iteration 137: 0.009 ms/op
Iteration 138: 0.010 ms/op
Iteration 139: 0.008 ms/op
Iteration 140: 0.007 ms/op
Iteration 141: 0.015 ms/op
Iteration 142: 0.008 ms/op
Iteration 143: 0.008 ms/op
Iteration 144: 0.008 ms/op
Iteration 145: 0.020 ms/op
Iteration 146: 0.008 ms/op
Iteration 147: 0.007 ms/op
Iteration 148: 0.008 ms/op
Iteration 149: 0.008 ms/op
Iteration 150: 0.010 ms/op
Iteration 151: 0.010 ms/op
Iteration 152: 0.010 ms/op
Iteration 153: 0.009 ms/op
Iteration 154: 0.016 ms/op
Iteration 155: 0.010 ms/op
Iteration 156: 0.009 ms/op
Iteration 157: 0.008 ms/op
Iteration 158: 0.014 ms/op
Iteration 159: 0.007 ms/op
Iteration 160: 0.007 ms/op
Iteration 161: 0.008 ms/op
Iteration 162: 0.009 ms/op
Iteration 163: 0.008 ms/op
Iteration 164: 0.027 ms/op
Iteration 165: 0.011 ms/op
Iteration 166: 0.026 ms/op
Iteration 167: 0.012 ms/op
Iteration 168: 0.023 ms/op
Iteration 169: 0.011 ms/op
Iteration 170: 0.010 ms/op
Iteration 171: 0.009 ms/op
Iteration 172: 0.009 ms/op
Iteration 173: 0.009 ms/op
Iteration 174: 0.008 ms/op
Iteration 175: 0.007 ms/op
Iteration 176: 0.008 ms/op
Iteration 177: 0.008 ms/op
Iteration 178: 0.008 ms/op
Iteration 179: 0.008 ms/op
Iteration 180: 0.008 ms/op
Iteration 181: 0.017 ms/op
Iteration 182: 0.008 ms/op
Iteration 183: 0.008 ms/op
Iteration 184: 0.010 ms/op
Iteration 185: 0.010 ms/op
Iteration 186: 0.008 ms/op
Iteration 187: 0.009 ms/op
Iteration 188: 0.009 ms/op
Iteration 189: 0.009 ms/op
Iteration 190: 0.017 ms/op
Iteration 191: 0.034 ms/op
Iteration 192: 0.009 ms/op
Iteration 193: 0.008 ms/op
Iteration 194: 0.018 ms/op
Iteration 195: 0.010 ms/op
Iteration 196: 0.008 ms/op
Iteration 197: 0.009 ms/op
Iteration 198: 0.008 ms/op
Iteration 199: 0.009 ms/op
Iteration 200: 0.010 ms/op
Iteration 201: 0.009 ms/op
Iteration 202: 0.007 ms/op
Iteration 203: 0.016 ms/op
Iteration 204: 0.008 ms/op
Iteration 205: 0.008 ms/op
Iteration 206: 0.012 ms/op
Iteration 207: 0.015 ms/op
Iteration 208: 0.008 ms/op
Iteration 209: 0.008 ms/op
Iteration 210: 0.008 ms/op
Iteration 211: 0.008 ms/op
Iteration 212: 0.008 ms/op
Iteration 213: 0.008 ms/op
Iteration 214: 0.008 ms/op
Iteration 215: 0.008 ms/op
Iteration 216: 0.014 ms/op
Iteration 217: 0.008 ms/op
Iteration 218: 0.026 ms/op
Iteration 219: 0.007 ms/op
Iteration 220: 0.015 ms/op
Iteration 221: 0.007 ms/op
Iteration 222: 0.009 ms/op
Iteration 223: 0.009 ms/op
Iteration 224: 0.009 ms/op
Iteration 225: 0.008 ms/op
Iteration 226: 0.008 ms/op
Iteration 227: 0.011 ms/op
Iteration 228: 0.008 ms/op
Iteration 229: 0.016 ms/op
Iteration 230: 0.008 ms/op
Iteration 231: 0.008 ms/op
Iteration 232: 0.007 ms/op
Iteration 233: 0.016 ms/op
Iteration 234: 0.008 ms/op
Iteration 235: 0.008 ms/op
Iteration 236: 0.007 ms/op
Iteration 237: 0.006 ms/op
Iteration 238: 0.007 ms/op
Iteration 239: 0.025 ms/op
Iteration 240: 0.011 ms/op
Iteration 241: 0.010 ms/op
Iteration 242: 0.015 ms/op
Iteration 243: 0.028 ms/op
Iteration 244: 0.027 ms/op
Iteration 245: 0.007 ms/op
Iteration 246: 0.013 ms/op
Iteration 247: 0.007 ms/op
Iteration 248: 0.007 ms/op
Iteration 249: 0.006 ms/op
Iteration 250: 0.006 ms/op
Iteration 251: 0.007 ms/op
Iteration 252: 0.007 ms/op
Iteration 253: 0.008 ms/op
Iteration 254: 0.009 ms/op
Iteration 255: 0.032 ms/op
Iteration 256: 0.008 ms/op
Iteration 257: 0.008 ms/op
Iteration 258: 0.009 ms/op
Iteration 259: 0.018 ms/op
Iteration 260: 0.008 ms/op
Iteration 261: 0.009 ms/op
Iteration 262: 0.009 ms/op
Iteration 263: 0.010 ms/op
Iteration 264: 0.009 ms/op
Iteration 265: 0.009 ms/op
Iteration 266: 0.007 ms/op
Iteration 267: 0.011 ms/op
Iteration 268: 0.027 ms/op
Iteration 269: 0.010 ms/op
Iteration 270: 0.008 ms/op
Iteration 271: 0.009 ms/op
Iteration 272: 0.014 ms/op
Iteration 273: 0.007 ms/op
Iteration 274: 0.011 ms/op
Iteration 275: 0.007 ms/op
Iteration 276: 0.007 ms/op
Iteration 277: 0.007 ms/op
Iteration 278: 0.007 ms/op
Iteration 279: 0.015 ms/op
Iteration 280: 0.028 ms/op
Iteration 281: 0.021 ms/op
Iteration 282: 0.009 ms/op
Iteration 283: 0.008 ms/op
Iteration 284: 0.008 ms/op
Iteration 285: 0.016 ms/op
Iteration 286: 0.007 ms/op
Iteration 287: 0.007 ms/op
Iteration 288: 0.008 ms/op
Iteration 289: 0.007 ms/op
Iteration 290: 0.008 ms/op
Iteration 291: 0.009 ms/op
Iteration 292: 0.008 ms/op
Iteration 293: 0.009 ms/op
Iteration 294: 0.014 ms/op
Iteration 295: 0.009 ms/op
Iteration 296: 0.008 ms/op
Iteration 297: 0.008 ms/op
Iteration 298: 0.013 ms/op
Iteration 299: 0.007 ms/op
Iteration 300: 0.007 ms/op
Iteration 301: 0.006 ms/op
Iteration 302: 0.008 ms/op
Iteration 303: 0.008 ms/op
Iteration 304: 0.008 ms/op
Iteration 305: 0.008 ms/op
Iteration 306: 0.007 ms/op
Iteration 307: 0.017 ms/op
Iteration 308: 0.010 ms/op
Iteration 309: 0.012 ms/op
Iteration 310: 0.007 ms/op
Iteration 311: 0.017 ms/op
Iteration 312: 0.007 ms/op
Iteration 313: 0.007 ms/op
Iteration 314: 0.006 ms/op
Iteration 315: 0.006 ms/op
Iteration 316: 0.008 ms/op
Iteration 317: 0.008 ms/op
Iteration 318: 0.008 ms/op
Iteration 319: 0.011 ms/op
Iteration 320: 0.017 ms/op
Iteration 321: 0.008 ms/op
Iteration 322: 0.008 ms/op
Iteration 323: 0.008 ms/op
Iteration 324: 0.019 ms/op
Iteration 325: 0.011 ms/op
Iteration 326: 0.012 ms/op
Iteration 327: 0.011 ms/op
Iteration 328: 0.010 ms/op
Iteration 329: 0.010 ms/op
Iteration 330: 0.009 ms/op
Iteration 331: 0.008 ms/op
Iteration 332: 0.009 ms/op
Iteration 333: 0.021 ms/op
Iteration 334: 0.013 ms/op
Iteration 335: 0.011 ms/op
Iteration 336: 0.008 ms/op
Iteration 337: 0.025 ms/op
Iteration 338: 0.011 ms/op
Iteration 339: 0.010 ms/op
Iteration 340: 0.009 ms/op
Iteration 341: 0.010 ms/op
Iteration 342: 0.028 ms/op
Iteration 343: 0.011 ms/op
Iteration 344: 0.010 ms/op
Iteration 345: 0.010 ms/op
Iteration 346: 0.059 ms/op
Iteration 347: 0.010 ms/op
Iteration 348: 0.011 ms/op
Iteration 349: 0.011 ms/op
Iteration 350: 0.010 ms/op
Iteration 351: 0.010 ms/op
Iteration 352: 0.009 ms/op
Iteration 353: 0.012 ms/op
Iteration 354: 0.009 ms/op
Iteration 355: 0.012 ms/op
Iteration 356: 0.012 ms/op
Iteration 357: 0.012 ms/op
Iteration 358: 0.009 ms/op
Iteration 359: 0.020 ms/op
Iteration 360: 0.010 ms/op
Iteration 361: 0.011 ms/op
Iteration 362: 0.009 ms/op
Iteration 363: 0.010 ms/op
Iteration 364: 0.010 ms/op
Iteration 365: 0.010 ms/op
Iteration 366: 0.010 ms/op
Iteration 367: 0.009 ms/op
Iteration 368: 0.010 ms/op
Iteration 369: 0.010 ms/op
Iteration 370: 0.010 ms/op
Iteration 371: 0.038 ms/op
Iteration 372: 0.019 ms/op
Iteration 373: 0.009 ms/op
Iteration 374: 0.008 ms/op
Iteration 375: 0.009 ms/op
Iteration 376: 0.010 ms/op
Iteration 377: 0.008 ms/op
Iteration 378: 0.008 ms/op
Iteration 379: 0.007 ms/op
Iteration 380: 0.007 ms/op
Iteration 381: 0.007 ms/op
Iteration 382: 0.008 ms/op
Iteration 383: 0.007 ms/op
Iteration 384: 0.008 ms/op
Iteration 385: 0.019 ms/op
Iteration 386: 0.008 ms/op
Iteration 387: 0.009 ms/op
Iteration 388: 0.008 ms/op
Iteration 389: 0.007 ms/op
Iteration 390: 0.007 ms/op
Iteration 391: 0.013 ms/op
Iteration 392: 0.009 ms/op
Iteration 393: 0.009 ms/op
Iteration 394: 0.009 ms/op
Iteration 395: 0.009 ms/op
Iteration 396: 0.008 ms/op
Iteration 397: 0.008 ms/op
Iteration 398: 0.017 ms/op
Iteration 399: 0.007 ms/op
Iteration 400: 0.007 ms/op
Iteration 401: 0.008 ms/op
Iteration 402: 0.009 ms/op
Iteration 403: 0.010 ms/op
Iteration 404: 0.011 ms/op
Iteration 405: 0.009 ms/op
Iteration 406: 0.009 ms/op
Iteration 407: 0.009 ms/op
Iteration 408: 0.009 ms/op
Iteration 409: 0.009 ms/op
Iteration 410: 0.010 ms/op
Iteration 411: 0.013 ms/op
Iteration 412: 0.006 ms/op
Iteration 413: 0.006 ms/op
Iteration 414: 0.007 ms/op
Iteration 415: 0.007 ms/op
Iteration 416: 0.007 ms/op
Iteration 417: 0.007 ms/op
Iteration 418: 0.007 ms/op
Iteration 419: 0.007 ms/op
Iteration 420: 0.014 ms/op
Iteration 421: 0.008 ms/op
Iteration 422: 0.009 ms/op
Iteration 423: 0.008 ms/op
Iteration 424: 0.016 ms/op
Iteration 425: 0.008 ms/op
Iteration 426: 0.010 ms/op
Iteration 427: 0.010 ms/op
Iteration 428: 0.011 ms/op
Iteration 429: 0.011 ms/op
Iteration 430: 0.009 ms/op
Iteration 431: 0.009 ms/op
Iteration 432: 0.008 ms/op
Iteration 433: 0.019 ms/op
Iteration 434: 0.008 ms/op
Iteration 435: 0.008 ms/op
Iteration 436: 0.008 ms/op
Iteration 437: 0.072 ms/op
Iteration 438: 0.008 ms/op
Iteration 439: 0.007 ms/op
Iteration 440: 0.009 ms/op
Iteration 441: 0.009 ms/op
Iteration 442: 0.008 ms/op
Iteration 443: 0.008 ms/op
Iteration 444: 0.009 ms/op
Iteration 445: 0.007 ms/op
Iteration 446: 0.014 ms/op
Iteration 447: 0.011 ms/op
Iteration 448: 0.007 ms/op
Iteration 449: 0.007 ms/op
Iteration 450: 0.007 ms/op
Iteration 451: 0.007 ms/op
Iteration 452: 0.009 ms/op
Iteration 453: 0.008 ms/op
Iteration 454: 0.007 ms/op
Iteration 455: 0.007 ms/op
Iteration 456: 0.007 ms/op
Iteration 457: 0.007 ms/op
Iteration 458: 0.011 ms/op
Iteration 459: 0.013 ms/op
Iteration 460: 0.009 ms/op
Iteration 461: 0.021 ms/op
Iteration 462: 0.017 ms/op
Iteration 463: 0.031 ms/op
Iteration 464: 0.012 ms/op
Iteration 465: 0.019 ms/op
Iteration 466: 0.009 ms/op
Iteration 467: 0.008 ms/op
Iteration 468: 0.008 ms/op
Iteration 469: 0.010 ms/op
Iteration 470: 0.009 ms/op
Iteration 471: 0.009 ms/op
Iteration 472: 0.009 ms/op
Iteration 473: 0.013 ms/op
Iteration 474: 0.019 ms/op
Iteration 475: 0.008 ms/op
Iteration 476: 0.009 ms/op
Iteration 477: 0.008 ms/op
Iteration 478: 0.015 ms/op
Iteration 479: 0.008 ms/op
Iteration 480: 0.007 ms/op
Iteration 481: 0.007 ms/op
Iteration 482: 0.009 ms/op
Iteration 483: 0.012 ms/op
Iteration 484: 0.010 ms/op
Iteration 485: 0.011 ms/op
Iteration 486: 0.014 ms/op
Iteration 487: 0.020 ms/op
Iteration 488: 0.008 ms/op
Iteration 489: 0.008 ms/op
Iteration 490: 0.009 ms/op
Iteration 491: 0.019 ms/op
Iteration 492: 0.009 ms/op
Iteration 493: 0.009 ms/op
Iteration 494: 0.009 ms/op
Iteration 495: 0.009 ms/op
Iteration 496: 0.009 ms/op
Iteration 497: 0.010 ms/op
Iteration 498: 0.009 ms/op
Iteration 499: 0.010 ms/op
Iteration 500: 0.020 ms/op
Iteration 501: 0.037 ms/op
Iteration 502: 0.009 ms/op
Iteration 503: 0.008 ms/op
Iteration 504: 0.017 ms/op
Iteration 505: 0.008 ms/op
Iteration 506: 0.007 ms/op
Iteration 507: 0.007 ms/op
Iteration 508: 0.009 ms/op
Iteration 509: 0.008 ms/op
Iteration 510: 0.008 ms/op
Iteration 511: 0.008 ms/op
Iteration 512: 0.010 ms/op
Iteration 513: 0.016 ms/op
Iteration 514: 0.007 ms/op
Iteration 515: 0.007 ms/op
Iteration 516: 0.007 ms/op
Iteration 517: 0.013 ms/op
Iteration 518: 0.008 ms/op
Iteration 519: 0.007 ms/op
Iteration 520: 0.008 ms/op
Iteration 521: 0.006 ms/op
Iteration 522: 0.008 ms/op
Iteration 523: 0.007 ms/op
Iteration 524: 0.008 ms/op
Iteration 525: 0.008 ms/op
Iteration 526: 0.015 ms/op
Iteration 527: 0.008 ms/op
Iteration 528: 0.008 ms/op
Iteration 529: 0.009 ms/op
Iteration 530: 0.017 ms/op
Iteration 531: 0.008 ms/op
Iteration 532: 0.008 ms/op
Iteration 533: 0.008 ms/op
Iteration 534: 0.008 ms/op
Iteration 535: 0.012 ms/op
Iteration 536: 0.011 ms/op
Iteration 537: 0.009 ms/op
Iteration 538: 0.011 ms/op
Iteration 539: 0.024 ms/op
Iteration 540: 0.011 ms/op
Iteration 541: 0.011 ms/op
Iteration 542: 0.012 ms/op
Iteration 543: 0.024 ms/op
Iteration 544: 0.028 ms/op
Iteration 545: 0.058 ms/op
Iteration 546: 0.012 ms/op
Iteration 547: 0.009 ms/op
Iteration 548: 0.008 ms/op
Iteration 549: 0.007 ms/op
Iteration 550: 0.010 ms/op
Iteration 551: 0.011 ms/op
Iteration 552: 0.077 ms/op
Iteration 553: 0.021 ms/op
Iteration 554: 0.012 ms/op
Iteration 555: 0.015 ms/op
Iteration 556: 0.019 ms/op
Iteration 557: 0.009 ms/op
Iteration 558: 0.009 ms/op
Iteration 559: 0.010 ms/op
Iteration 560: 0.010 ms/op
Iteration 561: 0.008 ms/op
Iteration 562: 0.008 ms/op
Iteration 563: 0.009 ms/op
Iteration 564: 0.037 ms/op
Iteration 565: 0.017 ms/op
Iteration 566: 0.009 ms/op
Iteration 567: 0.008 ms/op
Iteration 568: 0.010 ms/op
Iteration 569: 0.018 ms/op
Iteration 570: 0.009 ms/op
Iteration 571: 0.010 ms/op
Iteration 572: 0.009 ms/op
Iteration 573: 0.010 ms/op
Iteration 574: 0.009 ms/op
Iteration 575: 0.035 ms/op
Iteration 576: 0.011 ms/op
Iteration 577: 0.008 ms/op
Iteration 578: 0.019 ms/op
Iteration 579: 0.012 ms/op
Iteration 580: 0.017 ms/op
Iteration 581: 0.028 ms/op
Iteration 582: 0.006 ms/op
Iteration 583: 0.006 ms/op
Iteration 584: 0.007 ms/op
Iteration 585: 0.006 ms/op
Iteration 586: 0.006 ms/op
Iteration 587: 0.006 ms/op
Iteration 588: 0.007 ms/op
Iteration 589: 0.006 ms/op
Iteration 590: 0.007 ms/op
Iteration 591: 0.014 ms/op
Iteration 592: 0.006 ms/op
Iteration 593: 0.006 ms/op
Iteration 594: 0.005 ms/op
Iteration 595: 0.005 ms/op
Iteration 596: 0.007 ms/op
Iteration 597: 0.006 ms/op
Iteration 598: 0.007 ms/op
Iteration 599: 0.006 ms/op
Iteration 600: 0.006 ms/op
Iteration 601: 0.007 ms/op
Iteration 602: 0.006 ms/op
Iteration 603: 0.006 ms/op
Iteration 604: 0.014 ms/op
Iteration 605: 0.006 ms/op
Iteration 606: 0.005 ms/op
Iteration 607: 0.007 ms/op
Iteration 608: 0.006 ms/op
Iteration 609: 0.007 ms/op
Iteration 610: 0.008 ms/op
Iteration 611: 0.007 ms/op
Iteration 612: 0.008 ms/op
Iteration 613: 0.008 ms/op
Iteration 614: 0.007 ms/op
Iteration 615: 0.008 ms/op
Iteration 616: 0.009 ms/op
Iteration 617: 0.018 ms/op
Iteration 618: 0.008 ms/op
Iteration 619: 0.006 ms/op
Iteration 620: 0.008 ms/op
Iteration 621: 0.009 ms/op
Iteration 622: 0.009 ms/op
Iteration 623: 0.007 ms/op
Iteration 624: 0.007 ms/op
Iteration 625: 0.006 ms/op
Iteration 626: 0.006 ms/op
Iteration 627: 0.007 ms/op
Iteration 628: 0.007 ms/op
Iteration 629: 0.006 ms/op
Iteration 630: 0.014 ms/op
Iteration 631: 0.006 ms/op
Iteration 632: 0.006 ms/op
Iteration 633: 0.006 ms/op
Iteration 634: 0.006 ms/op
Iteration 635: 0.006 ms/op
Iteration 636: 0.006 ms/op
Iteration 637: 0.010 ms/op
Iteration 638: 0.007 ms/op
Iteration 639: 0.015 ms/op
Iteration 640: 0.006 ms/op
Iteration 641: 0.006 ms/op
Iteration 642: 0.006 ms/op
Iteration 643: 0.015 ms/op
Iteration 644: 0.005 ms/op
Iteration 645: 0.006 ms/op
Iteration 646: 0.005 ms/op
Iteration 647: 0.006 ms/op
Iteration 648: 0.006 ms/op
Iteration 649: 0.006 ms/op
Iteration 650: 0.006 ms/op
Iteration 651: 0.006 ms/op
Iteration 652: 0.015 ms/op
Iteration 653: 0.006 ms/op
Iteration 654: 0.006 ms/op
Iteration 655: 0.005 ms/op
Iteration 656: 0.027 ms/op
Iteration 657: 0.005 ms/op
Iteration 658: 0.005 ms/op
Iteration 659: 0.007 ms/op
Iteration 660: 0.006 ms/op
Iteration 661: 0.005 ms/op
Iteration 662: 0.004 ms/op
Iteration 663: 0.006 ms/op
Iteration 664: 0.005 ms/op
Iteration 665: 0.013 ms/op
Iteration 666: 0.005 ms/op
Iteration 667: 0.006 ms/op
Iteration 668: 0.005 ms/op
Iteration 669: 0.013 ms/op
Iteration 670: 0.006 ms/op
Iteration 671: 0.006 ms/op
Iteration 672: 0.005 ms/op
Iteration 673: 0.007 ms/op
Iteration 674: 0.006 ms/op
Iteration 675: 0.007 ms/op
Iteration 676: 0.006 ms/op
Iteration 677: 0.005 ms/op
Iteration 678: 0.015 ms/op
Iteration 679: 0.006 ms/op
Iteration 680: 0.005 ms/op
Iteration 681: 0.006 ms/op
Iteration 682: 0.019 ms/op
Iteration 683: 0.006 ms/op
Iteration 684: 0.006 ms/op
Iteration 685: 0.005 ms/op
Iteration 686: 0.005 ms/op
Iteration 687: 0.005 ms/op
Iteration 688: 0.005 ms/op
Iteration 689: 0.005 ms/op
Iteration 690: 0.005 ms/op
Iteration 691: 0.011 ms/op
Iteration 692: 0.005 ms/op
Iteration 693: 0.005 ms/op
Iteration 694: 0.005 ms/op
Iteration 695: 0.011 ms/op
Iteration 696: 0.008 ms/op
Iteration 697: 0.006 ms/op
Iteration 698: 0.006 ms/op
Iteration 699: 0.006 ms/op
Iteration 700: 0.007 ms/op
Iteration 701: 0.007 ms/op
Iteration 702: 0.007 ms/op
Iteration 703: 0.007 ms/op
Iteration 704: 0.017 ms/op
Iteration 705: 0.006 ms/op
Iteration 706: 0.005 ms/op
Iteration 707: 0.006 ms/op
Iteration 708: 0.011 ms/op
Iteration 709: 0.005 ms/op
Iteration 710: 0.005 ms/op
Iteration 711: 0.005 ms/op
Iteration 712: 0.005 ms/op
Iteration 713: 0.006 ms/op
Iteration 714: 0.005 ms/op
Iteration 715: 0.006 ms/op
Iteration 716: 0.006 ms/op
Iteration 717: 0.012 ms/op
Iteration 718: 0.007 ms/op
Iteration 719: 0.009 ms/op
Iteration 720: 0.005 ms/op
Iteration 721: 0.010 ms/op
Iteration 722: 0.005 ms/op
Iteration 723: 0.005 ms/op
Iteration 724: 0.005 ms/op
Iteration 725: 0.004 ms/op
Iteration 726: 0.005 ms/op
Iteration 727: 0.007 ms/op
Iteration 728: 0.006 ms/op
Iteration 729: 0.007 ms/op
Iteration 730: 0.018 ms/op
Iteration 731: 0.006 ms/op
Iteration 732: 0.005 ms/op
Iteration 733: 0.005 ms/op
Iteration 734: 0.014 ms/op
Iteration 735: 0.007 ms/op
Iteration 736: 0.005 ms/op
Iteration 737: 0.005 ms/op
Iteration 738: 0.005 ms/op
Iteration 739: 0.006 ms/op
Iteration 740: 0.006 ms/op
Iteration 741: 0.009 ms/op
Iteration 742: 0.014 ms/op
Iteration 743: 0.009 ms/op
Iteration 744: 0.006 ms/op
Iteration 745: 0.008 ms/op
Iteration 746: 0.005 ms/op
Iteration 747: 0.008 ms/op
Iteration 748: 0.007 ms/op
Iteration 749: 0.008 ms/op
Iteration 750: 0.007 ms/op
Iteration 751: 0.006 ms/op
Iteration 752: 0.005 ms/op
Iteration 753: 0.010 ms/op
Iteration 754: 0.005 ms/op
Iteration 755: 0.005 ms/op
Iteration 756: 0.005 ms/op
Iteration 757: 0.005 ms/op
Iteration 758: 0.055 ms/op
Iteration 759: 0.008 ms/op
Iteration 760: 0.008 ms/op
Iteration 761: 0.025 ms/op
Iteration 762: 0.009 ms/op
Iteration 763: 0.008 ms/op
Iteration 764: 0.008 ms/op
Iteration 765: 0.007 ms/op
Iteration 766: 0.020 ms/op
Iteration 767: 0.007 ms/op
Iteration 768: 0.008 ms/op
Iteration 769: 0.007 ms/op
Iteration 770: 0.006 ms/op
Iteration 771: 0.009 ms/op
Iteration 772: 0.009 ms/op
Iteration 773: 0.008 ms/op
Iteration 774: 0.009 ms/op
Iteration 775: 0.006 ms/op
Iteration 776: 0.006 ms/op
Iteration 777: 0.005 ms/op
Iteration 778: 0.006 ms/op
Iteration 779: 0.013 ms/op
Iteration 780: 0.006 ms/op
Iteration 781: 0.006 ms/op
Iteration 782: 0.005 ms/op
Iteration 783: 0.008 ms/op
Iteration 784: 0.009 ms/op
Iteration 785: 0.009 ms/op
Iteration 786: 0.007 ms/op
Iteration 787: 0.009 ms/op
Iteration 788: 0.015 ms/op
Iteration 789: 0.006 ms/op
Iteration 790: 0.007 ms/op
Iteration 791: 0.032 ms/op
Iteration 792: 0.021 ms/op
Iteration 793: 0.008 ms/op
Iteration 794: 0.006 ms/op
Iteration 795: 0.007 ms/op
Iteration 796: 0.008 ms/op
Iteration 797: 0.009 ms/op
Iteration 798: 0.007 ms/op
Iteration 799: 0.005 ms/op
Iteration 800: 0.005 ms/op
Iteration 801: 0.019 ms/op
Iteration 802: 0.010 ms/op
Iteration 803: 0.012 ms/op
Iteration 804: 0.007 ms/op
Iteration 805: 0.027 ms/op
Iteration 806: 0.008 ms/op
Iteration 807: 0.007 ms/op
Iteration 808: 0.007 ms/op
Iteration 809: 0.006 ms/op
Iteration 810: 0.006 ms/op
Iteration 811: 0.007 ms/op
Iteration 812: 0.008 ms/op
Iteration 813: 0.008 ms/op
Iteration 814: 0.019 ms/op
Iteration 815: 0.007 ms/op
Iteration 816: 0.009 ms/op
Iteration 817: 0.009 ms/op
Iteration 818: 0.017 ms/op
Iteration 819: 0.008 ms/op
Iteration 820: 0.006 ms/op
Iteration 821: 0.007 ms/op
Iteration 822: 0.006 ms/op
Iteration 823: 0.007 ms/op
Iteration 824: 0.017 ms/op
Iteration 825: 0.009 ms/op
Iteration 826: 0.009 ms/op
Iteration 827: 0.021 ms/op
Iteration 828: 0.010 ms/op
Iteration 829: 0.009 ms/op
Iteration 830: 0.009 ms/op
Iteration 831: 0.021 ms/op
Iteration 832: 0.008 ms/op
Iteration 833: 0.006 ms/op
Iteration 834: 0.007 ms/op
Iteration 835: 0.007 ms/op
Iteration 836: 0.009 ms/op
Iteration 837: 0.007 ms/op
Iteration 838: 0.005 ms/op
Iteration 839: 0.050 ms/op
Iteration 840: 0.015 ms/op
Iteration 841: 0.007 ms/op
Iteration 842: 0.006 ms/op
Iteration 843: 0.006 ms/op
Iteration 844: 0.015 ms/op
Iteration 845: 0.007 ms/op
Iteration 846: 0.007 ms/op
Iteration 847: 0.008 ms/op
Iteration 848: 0.006 ms/op
Iteration 849: 0.006 ms/op
Iteration 850: 0.008 ms/op
Iteration 851: 0.044 ms/op
Iteration 852: 0.006 ms/op
Iteration 853: 0.015 ms/op
Iteration 854: 0.004 ms/op
Iteration 855: 0.004 ms/op
Iteration 856: 0.004 ms/op
Iteration 857: 0.013 ms/op
Iteration 858: 0.004 ms/op
Iteration 859: 0.005 ms/op
Iteration 860: 0.005 ms/op
Iteration 861: 0.004 ms/op
Iteration 862: 0.004 ms/op
Iteration 863: 0.004 ms/op
Iteration 864: 0.004 ms/op
Iteration 865: 0.004 ms/op
Iteration 866: 0.011 ms/op
Iteration 867: 0.005 ms/op
Iteration 868: 0.005 ms/op
Iteration 869: 0.006 ms/op
Iteration 870: 0.012 ms/op
Iteration 871: 0.004 ms/op
Iteration 872: 0.004 ms/op
Iteration 873: 0.005 ms/op
Iteration 874: 0.011 ms/op
Iteration 875: 0.007 ms/op
Iteration 876: 0.005 ms/op
Iteration 877: 0.004 ms/op
Iteration 878: 0.004 ms/op
Iteration 879: 0.063 ms/op
Iteration 880: 0.004 ms/op
Iteration 881: 0.006 ms/op
Iteration 882: 0.005 ms/op
Iteration 883: 0.023 ms/op
Iteration 884: 0.005 ms/op
Iteration 885: 0.004 ms/op
Iteration 886: 0.006 ms/op
Iteration 887: 0.004 ms/op
Iteration 888: 0.004 ms/op
Iteration 889: 0.004 ms/op
Iteration 890: 0.005 ms/op
Iteration 891: 0.004 ms/op
Iteration 892: 0.012 ms/op
Iteration 893: 0.005 ms/op
Iteration 894: 0.011 ms/op
Iteration 895: 0.006 ms/op
Iteration 896: 0.005 ms/op
Iteration 897: 0.004 ms/op
Iteration 898: 0.004 ms/op
Iteration 899: 0.004 ms/op
Iteration 900: 0.004 ms/op
Iteration 901: 0.041 ms/op
Iteration 902: 0.005 ms/op
Iteration 903: 0.005 ms/op
Iteration 904: 0.005 ms/op
Iteration 905: 0.011 ms/op
Iteration 906: 0.004 ms/op
Iteration 907: 0.005 ms/op
Iteration 908: 0.005 ms/op
Iteration 909: 0.011 ms/op
Iteration 910: 0.004 ms/op
Iteration 911: 0.005 ms/op
Iteration 912: 0.005 ms/op
Iteration 913: 0.004 ms/op
Iteration 914: 0.005 ms/op
Iteration 915: 0.004 ms/op
Iteration 916: 0.005 ms/op
Iteration 917: 0.005 ms/op
Iteration 918: 0.009 ms/op
Iteration 919: 0.004 ms/op
Iteration 920: 0.007 ms/op
Iteration 921: 0.005 ms/op
Iteration 922: 0.010 ms/op
Iteration 923: 0.004 ms/op
Iteration 924: 0.004 ms/op
Iteration 925: 0.004 ms/op
Iteration 926: 0.005 ms/op
Iteration 927: 0.005 ms/op
Iteration 928: 0.005 ms/op
Iteration 929: 0.005 ms/op
Iteration 930: 0.093 ms/op
Iteration 931: 0.013 ms/op
Iteration 932: 0.005 ms/op
Iteration 933: 0.004 ms/op
Iteration 934: 0.004 ms/op
Iteration 935: 0.004 ms/op
Iteration 936: 0.005 ms/op
Iteration 937: 0.005 ms/op
Iteration 938: 0.004 ms/op
Iteration 939: 0.004 ms/op
Iteration 940: 0.004 ms/op
Iteration 941: 0.004 ms/op
Iteration 942: 0.004 ms/op
Iteration 943: 0.004 ms/op
Iteration 944: 0.010 ms/op
Iteration 945: 0.004 ms/op
Iteration 946: 0.004 ms/op
Iteration 947: 0.004 ms/op
Iteration 948: 0.005 ms/op
Iteration 949: 0.005 ms/op
Iteration 950: 0.005 ms/op
Iteration 951: 0.005 ms/op
Iteration 952: 0.003 ms/op
Iteration 953: 0.004 ms/op
Iteration 954: 0.006 ms/op
Iteration 955: 0.005 ms/op
Iteration 956: 0.004 ms/op
Iteration 957: 0.012 ms/op
Iteration 958: 0.004 ms/op
Iteration 959: 0.004 ms/op
Iteration 960: 0.004 ms/op
Iteration 961: 0.004 ms/op
Iteration 962: 0.004 ms/op
Iteration 963: 0.004 ms/op
Iteration 964: 0.004 ms/op
Iteration 965: 0.004 ms/op
Iteration 966: 0.004 ms/op
Iteration 967: 0.004 ms/op
Iteration 968: 0.004 ms/op
Iteration 969: 0.004 ms/op
Iteration 970: 0.008 ms/op
Iteration 971: 0.003 ms/op
Iteration 972: 0.004 ms/op
Iteration 973: 0.005 ms/op
Iteration 974: 0.004 ms/op
Iteration 975: 0.004 ms/op
Iteration 976: 0.004 ms/op
Iteration 977: 0.004 ms/op
Iteration 978: 0.004 ms/op
Iteration 979: 0.004 ms/op
Iteration 980: 0.004 ms/op
Iteration 981: 0.004 ms/op
Iteration 982: 0.004 ms/op
Iteration 983: 0.012 ms/op
Iteration 984: 0.004 ms/op
Iteration 985: 0.005 ms/op
Iteration 986: 0.004 ms/op
Iteration 987: 0.004 ms/op
Iteration 988: 0.007 ms/op
Iteration 989: 0.005 ms/op
Iteration 990: 0.004 ms/op
Iteration 991: 0.009 ms/op
Iteration 992: 0.004 ms/op
Iteration 993: 0.004 ms/op
Iteration 994: 0.003 ms/op
Iteration 995: 0.004 ms/op
Iteration 996: 0.012 ms/op
Iteration 997: 0.004 ms/op
Iteration 998: 0.004 ms/op
Iteration 999: 0.004 ms/op
Iteration 1000: 0.004 ms/op


Result "org.example.acrastt.utils.Benchmark.stringBuilder":
  N = 1000
  mean =      0.010 ±(99.9%) 0.001 ms/op

  Histogram, ms/op:
    [0.000, 0.025) = 962 
    [0.025, 0.050) = 29 
    [0.050, 0.075) = 6 
    [0.075, 0.100) = 2 
    [0.100, 0.125) = 0 
    [0.125, 0.150) = 0 
    [0.150, 0.175) = 0 
    [0.175, 0.200) = 0 
    [0.200, 0.225) = 1 
    [0.225, 0.250) = 0 
    [0.250, 0.275) = 0 
    [0.275, 0.300) = 0 

  Percentiles, ms/op:
      p(0.0000) =      0.003 ms/op
     p(50.0000) =      0.008 ms/op
     p(90.0000) =      0.017 ms/op
     p(95.0000) =      0.021 ms/op
     p(99.0000) =      0.050 ms/op
     p(99.9000) =      0.206 ms/op
     p(99.9900) =      0.206 ms/op
     p(99.9990) =      0.206 ms/op
     p(99.9999) =      0.206 ms/op
    p(100.0000) =      0.206 ms/op


# Run complete. Total time: 00:00:06

REMEMBER: The numbers below are just data. To gain reusable insights, you need to follow up on
why the numbers are the way they are. Use profilers (see -prof, -lprof), design factorial
experiments, perform baseline and negative tests that provide experimental control, make sure
the benchmarking environment is safe on JVM/OS/HW level, ask for reviews from the domain experts.
Do not assume the numbers tell you what you want them to tell.

NOTE: Current JVM experimentally supports Compiler Blackholes, and they are in use. Please exercise
extra caution when trusting the results, look into the generated code to check the benchmark still
works, and factor in a small probability of new VM bugs. Additionally, while comparisons between
different JVMs are already problematic, the performance difference caused by different Blackhole
modes can be very significant. Please make sure you use the consistent Blackhole mode for comparisons.

Benchmark                     Mode   Cnt  Score   Error  Units
Benchmark.nativeStringAppend    ss  1000  2.652 ± 0.516  ms/op
Benchmark.stringBuilder         ss  1000  0.010 ± 0.001  ms/op

Benchmark result is saved to src/test/java/JMH.json
# JMH version: 1.36
# VM version: JDK 19.0.2, Java HotSpot(TM) 64-Bit Server VM, 19.0.2+7-44
# VM invoker: /Library/Java/JavaVirtualMachines/jdk-19.jdk/Contents/Home/bin/java
# VM options: <none>
# Blackhole mode: compiler (auto-detected, use -Djmh.blackhole.autoDetect=false to disable)
# Warmup: 50 iterations, single-shot each
# Measurement: 1000 iterations, single-shot each
# Timeout: 10 min per iteration
# Threads: 1 thread
# Benchmark mode: Single shot invocation time
# Benchmark: org.example.acrastt.utils.Benchmark.nativeStringAppend

# Run progress: 0.00% complete, ETA 00:00:02
# Fork: 1 of 1
# Warmup Iteration   1: 1.105 ms/op
# Warmup Iteration   2: 0.150 ms/op
# Warmup Iteration   3: 0.120 ms/op
# Warmup Iteration   4: 0.138 ms/op
# Warmup Iteration   5: 0.131 ms/op
# Warmup Iteration   6: 0.140 ms/op
# Warmup Iteration   7: 0.116 ms/op
# Warmup Iteration   8: 0.124 ms/op
# Warmup Iteration   9: 0.148 ms/op
# Warmup Iteration  10: 0.198 ms/op
# Warmup Iteration  11: 0.147 ms/op
# Warmup Iteration  12: 0.184 ms/op
# Warmup Iteration  13: 0.178 ms/op
# Warmup Iteration  14: 0.193 ms/op
# Warmup Iteration  15: 0.192 ms/op
# Warmup Iteration  16: 0.216 ms/op
# Warmup Iteration  17: 0.160 ms/op
# Warmup Iteration  18: 0.233 ms/op
# Warmup Iteration  19: 0.266 ms/op
# Warmup Iteration  20: 0.250 ms/op
# Warmup Iteration  21: 0.249 ms/op
# Warmup Iteration  22: 0.285 ms/op
# Warmup Iteration  23: 0.311 ms/op
# Warmup Iteration  24: 0.297 ms/op
# Warmup Iteration  25: 0.275 ms/op
# Warmup Iteration  26: 0.219 ms/op
# Warmup Iteration  27: 0.280 ms/op
# Warmup Iteration  28: 0.261 ms/op
# Warmup Iteration  29: 0.232 ms/op
# Warmup Iteration  30: 0.261 ms/op
# Warmup Iteration  31: 0.282 ms/op
# Warmup Iteration  32: 0.279 ms/op
# Warmup Iteration  33: 4.313 ms/op
# Warmup Iteration  34: 0.337 ms/op
# Warmup Iteration  35: 0.192 ms/op
# Warmup Iteration  36: 0.091 ms/op
# Warmup Iteration  37: 0.095 ms/op
# Warmup Iteration  38: 0.168 ms/op
# Warmup Iteration  39: 0.288 ms/op
# Warmup Iteration  40: 0.147 ms/op
# Warmup Iteration  41: 0.325 ms/op
# Warmup Iteration  42: 0.142 ms/op
# Warmup Iteration  43: 0.149 ms/op
# Warmup Iteration  44: 0.157 ms/op
# Warmup Iteration  45: 0.119 ms/op
# Warmup Iteration  46: 0.107 ms/op
# Warmup Iteration  47: 0.126 ms/op
# Warmup Iteration  48: 0.107 ms/op
# Warmup Iteration  49: 0.107 ms/op
# Warmup Iteration  50: 0.121 ms/op
Iteration   1: 0.152 ms/op
Iteration   2: 0.196 ms/op
Iteration   3: 0.129 ms/op
Iteration   4: 0.109 ms/op
Iteration   5: 0.119 ms/op
Iteration   6: 0.117 ms/op
Iteration   7: 0.117 ms/op
Iteration   8: 0.093 ms/op
Iteration   9: 0.117 ms/op
Iteration  10: 0.097 ms/op
Iteration  11: 0.478 ms/op
Iteration  12: 0.476 ms/op
Iteration  13: 0.602 ms/op
Iteration  14: 0.621 ms/op
Iteration  15: 0.579 ms/op
Iteration  16: 0.508 ms/op
Iteration  17: 0.624 ms/op
Iteration  18: 0.520 ms/op
Iteration  19: 0.526 ms/op
Iteration  20: 0.492 ms/op
Iteration  21: 0.527 ms/op
Iteration  22: 0.746 ms/op
Iteration  23: 0.564 ms/op
Iteration  24: 0.689 ms/op
Iteration  25: 0.712 ms/op
Iteration  26: 5.004 ms/op
Iteration  27: 0.239 ms/op
Iteration  28: 0.098 ms/op
Iteration  29: 0.096 ms/op
Iteration  30: 0.087 ms/op
Iteration  31: 0.104 ms/op
Iteration  32: 0.098 ms/op
Iteration  33: 0.105 ms/op
Iteration  34: 0.102 ms/op
Iteration  35: 0.103 ms/op
Iteration  36: 0.124 ms/op
Iteration  37: 0.115 ms/op
Iteration  38: 0.102 ms/op
Iteration  39: 0.103 ms/op
Iteration  40: 0.107 ms/op
Iteration  41: 0.111 ms/op
Iteration  42: 0.131 ms/op
Iteration  43: 0.182 ms/op
Iteration  44: 0.240 ms/op
Iteration  45: 0.168 ms/op
Iteration  46: 0.180 ms/op
Iteration  47: 0.151 ms/op
Iteration  48: 0.173 ms/op
Iteration  49: 0.123 ms/op
Iteration  50: 0.218 ms/op
Iteration  51: 0.216 ms/op
Iteration  52: 0.217 ms/op
Iteration  53: 0.209 ms/op
Iteration  54: 0.302 ms/op
Iteration  55: 0.953 ms/op
Iteration  56: 1.055 ms/op
Iteration  57: 1.022 ms/op
Iteration  58: 1.183 ms/op
Iteration  59: 1.042 ms/op
Iteration  60: 0.965 ms/op
Iteration  61: 0.975 ms/op
Iteration  62: 0.819 ms/op
Iteration  63: 1.012 ms/op
Iteration  64: 0.988 ms/op
Iteration  65: 1.085 ms/op
Iteration  66: 1.063 ms/op
Iteration  67: 1.364 ms/op
Iteration  68: 1.186 ms/op
Iteration  69: 0.941 ms/op
Iteration  70: 1.087 ms/op
Iteration  71: 1.057 ms/op
Iteration  72: 1.463 ms/op
Iteration  73: 1.316 ms/op
Iteration  74: 1.373 ms/op
Iteration  75: 1.290 ms/op
Iteration  76: 1.347 ms/op
Iteration  77: 1.369 ms/op
Iteration  78: 1.588 ms/op
Iteration  79: 1.461 ms/op
Iteration  80: 1.259 ms/op
Iteration  81: 1.337 ms/op
Iteration  82: 1.237 ms/op
Iteration  83: 1.259 ms/op
Iteration  84: 1.303 ms/op
Iteration  85: 7.271 ms/op
Iteration  86: 1.620 ms/op
Iteration  87: 1.287 ms/op
Iteration  88: 1.405 ms/op
Iteration  89: 1.933 ms/op
Iteration  90: 1.944 ms/op
Iteration  91: 1.455 ms/op
Iteration  92: 1.412 ms/op
Iteration  93: 1.439 ms/op
Iteration  94: 7.459 ms/op
Iteration  95: 0.225 ms/op
Iteration  96: 0.265 ms/op
Iteration  97: 0.245 ms/op
Iteration  98: 0.275 ms/op
Iteration  99: 0.195 ms/op
Iteration 100: 0.230 ms/op
Iteration 101: 0.263 ms/op
Iteration 102: 0.231 ms/op
Iteration 103: 0.213 ms/op
Iteration 104: 0.263 ms/op
Iteration 105: 0.239 ms/op
Iteration 106: 0.279 ms/op
Iteration 107: 0.245 ms/op
Iteration 108: 0.267 ms/op
Iteration 109: 0.227 ms/op
Iteration 110: 0.270 ms/op
Iteration 111: 0.313 ms/op
Iteration 112: 0.670 ms/op
Iteration 113: 0.866 ms/op
Iteration 114: 0.305 ms/op
Iteration 115: 0.315 ms/op
Iteration 116: 0.291 ms/op
Iteration 117: 0.322 ms/op
Iteration 118: 0.285 ms/op
Iteration 119: 0.315 ms/op
Iteration 120: 0.342 ms/op
Iteration 121: 0.373 ms/op
Iteration 122: 0.367 ms/op
Iteration 123: 0.335 ms/op
Iteration 124: 0.346 ms/op
Iteration 125: 0.294 ms/op
Iteration 126: 0.339 ms/op
Iteration 127: 0.610 ms/op
Iteration 128: 0.382 ms/op
Iteration 129: 1.103 ms/op
Iteration 130: 0.364 ms/op
Iteration 131: 0.391 ms/op
Iteration 132: 0.402 ms/op
Iteration 133: 0.346 ms/op
Iteration 134: 0.460 ms/op
Iteration 135: 0.500 ms/op
Iteration 136: 0.448 ms/op
Iteration 137: 0.349 ms/op
Iteration 138: 0.393 ms/op
Iteration 139: 0.544 ms/op
Iteration 140: 9.554 ms/op
Iteration 141: 0.272 ms/op
Iteration 142: 0.229 ms/op
Iteration 143: 0.300 ms/op
Iteration 144: 0.258 ms/op
Iteration 145: 0.315 ms/op
Iteration 146: 0.285 ms/op
Iteration 147: 0.313 ms/op
Iteration 148: 0.319 ms/op
Iteration 149: 0.280 ms/op
Iteration 150: 0.312 ms/op
Iteration 151: 0.329 ms/op
Iteration 152: 0.377 ms/op
Iteration 153: 0.324 ms/op
Iteration 154: 0.391 ms/op
Iteration 155: 0.368 ms/op
Iteration 156: 0.294 ms/op
Iteration 157: 0.333 ms/op
Iteration 158: 0.323 ms/op
Iteration 159: 0.354 ms/op
Iteration 160: 0.374 ms/op
Iteration 161: 0.364 ms/op
Iteration 162: 0.347 ms/op
Iteration 163: 0.319 ms/op
Iteration 164: 0.321 ms/op
Iteration 165: 0.340 ms/op
Iteration 166: 0.356 ms/op
Iteration 167: 0.317 ms/op
Iteration 168: 0.368 ms/op
Iteration 169: 0.354 ms/op
Iteration 170: 0.382 ms/op
Iteration 171: 0.351 ms/op
Iteration 172: 0.319 ms/op
Iteration 173: 0.357 ms/op
Iteration 174: 0.363 ms/op
Iteration 175: 0.396 ms/op
Iteration 176: 0.416 ms/op
Iteration 177: 3.541 ms/op
Iteration 178: 0.325 ms/op
Iteration 179: 0.360 ms/op
Iteration 180: 0.343 ms/op
Iteration 181: 0.370 ms/op
Iteration 182: 0.368 ms/op
Iteration 183: 0.407 ms/op
Iteration 184: 0.371 ms/op
Iteration 185: 0.365 ms/op
Iteration 186: 0.385 ms/op
Iteration 187: 0.388 ms/op
Iteration 188: 0.526 ms/op
Iteration 189: 0.385 ms/op
Iteration 190: 0.395 ms/op
Iteration 191: 0.378 ms/op
Iteration 192: 0.372 ms/op
Iteration 193: 0.341 ms/op
Iteration 194: 0.363 ms/op
Iteration 195: 0.423 ms/op
Iteration 196: 0.402 ms/op
Iteration 197: 0.406 ms/op
Iteration 198: 0.417 ms/op
Iteration 199: 0.394 ms/op
Iteration 200: 0.406 ms/op
Iteration 201: 0.472 ms/op
Iteration 202: 0.449 ms/op
Iteration 203: 0.477 ms/op
Iteration 204: 0.406 ms/op
Iteration 205: 0.536 ms/op
Iteration 206: 0.418 ms/op
Iteration 207: 0.580 ms/op
Iteration 208: 5.358 ms/op
Iteration 209: 2.525 ms/op
Iteration 210: 2.608 ms/op
Iteration 211: 2.890 ms/op
Iteration 212: 2.513 ms/op
Iteration 213: 2.668 ms/op
Iteration 214: 3.223 ms/op
Iteration 215: 3.241 ms/op
Iteration 216: 4.483 ms/op
Iteration 217: 3.016 ms/op
Iteration 218: 2.983 ms/op
Iteration 219: 2.870 ms/op
Iteration 220: 2.867 ms/op
Iteration 221: 3.869 ms/op
Iteration 222: 2.811 ms/op
Iteration 223: 2.726 ms/op
Iteration 224: 2.762 ms/op
Iteration 225: 2.877 ms/op
Iteration 226: 2.754 ms/op
Iteration 227: 2.712 ms/op
Iteration 228: 3.439 ms/op
Iteration 229: 2.839 ms/op
Iteration 230: 2.869 ms/op
Iteration 231: 3.182 ms/op
Iteration 232: 4.218 ms/op
Iteration 233: 3.180 ms/op
Iteration 234: 2.835 ms/op
Iteration 235: 2.838 ms/op
Iteration 236: 2.861 ms/op
Iteration 237: 4.146 ms/op
Iteration 238: 2.802 ms/op
Iteration 239: 2.826 ms/op
Iteration 240: 1.454 ms/op
Iteration 241: 0.531 ms/op
Iteration 242: 0.501 ms/op
Iteration 243: 0.510 ms/op
Iteration 244: 0.475 ms/op
Iteration 245: 0.551 ms/op
Iteration 246: 0.480 ms/op
Iteration 247: 0.493 ms/op
Iteration 248: 0.476 ms/op
Iteration 249: 0.463 ms/op
Iteration 250: 0.523 ms/op
Iteration 251: 0.490 ms/op
Iteration 252: 0.452 ms/op
Iteration 253: 0.473 ms/op
Iteration 254: 3.817 ms/op
Iteration 255: 0.597 ms/op
Iteration 256: 0.528 ms/op
Iteration 257: 0.477 ms/op
Iteration 258: 0.493 ms/op
Iteration 259: 0.645 ms/op
Iteration 260: 0.755 ms/op
Iteration 261: 0.813 ms/op
Iteration 262: 0.687 ms/op
Iteration 263: 1.856 ms/op
Iteration 264: 0.919 ms/op
Iteration 265: 0.882 ms/op
Iteration 266: 0.617 ms/op
Iteration 267: 0.679 ms/op
Iteration 268: 0.616 ms/op
Iteration 269: 0.546 ms/op
Iteration 270: 0.932 ms/op
Iteration 271: 1.207 ms/op
Iteration 272: 0.635 ms/op
Iteration 273: 0.549 ms/op
Iteration 274: 0.678 ms/op
Iteration 275: 0.766 ms/op
Iteration 276: 0.722 ms/op
Iteration 277: 0.897 ms/op
Iteration 278: 0.904 ms/op
Iteration 279: 0.809 ms/op
Iteration 280: 0.720 ms/op
Iteration 281: 1.053 ms/op
Iteration 282: 0.668 ms/op
Iteration 283: 0.839 ms/op
Iteration 284: 0.714 ms/op
Iteration 285: 0.556 ms/op
Iteration 286: 0.586 ms/op
Iteration 287: 0.585 ms/op
Iteration 288: 0.585 ms/op
Iteration 289: 0.578 ms/op
Iteration 290: 0.560 ms/op
Iteration 291: 0.714 ms/op
Iteration 292: 0.783 ms/op
Iteration 293: 0.678 ms/op
Iteration 294: 3.952 ms/op
Iteration 295: 0.549 ms/op
Iteration 296: 0.543 ms/op
Iteration 297: 0.597 ms/op
Iteration 298: 0.501 ms/op
Iteration 299: 0.518 ms/op
Iteration 300: 0.651 ms/op
Iteration 301: 0.642 ms/op
Iteration 302: 0.598 ms/op
Iteration 303: 0.662 ms/op
Iteration 304: 0.622 ms/op
Iteration 305: 0.626 ms/op
Iteration 306: 0.650 ms/op
Iteration 307: 0.629 ms/op
Iteration 308: 0.590 ms/op
Iteration 309: 0.730 ms/op
Iteration 310: 0.645 ms/op
Iteration 311: 0.650 ms/op
Iteration 312: 0.626 ms/op
Iteration 313: 0.653 ms/op
Iteration 314: 0.616 ms/op
Iteration 315: 0.764 ms/op
Iteration 316: 0.598 ms/op
Iteration 317: 0.691 ms/op
Iteration 318: 0.805 ms/op
Iteration 319: 0.757 ms/op
Iteration 320: 0.646 ms/op
Iteration 321: 0.615 ms/op
Iteration 322: 0.660 ms/op
Iteration 323: 0.630 ms/op
Iteration 324: 0.593 ms/op
Iteration 325: 0.652 ms/op
Iteration 326: 0.658 ms/op
Iteration 327: 0.597 ms/op
Iteration 328: 0.610 ms/op
Iteration 329: 0.585 ms/op
Iteration 330: 4.646 ms/op
Iteration 331: 0.585 ms/op
Iteration 332: 0.610 ms/op
Iteration 333: 0.592 ms/op
Iteration 334: 0.540 ms/op
Iteration 335: 0.534 ms/op
Iteration 336: 0.609 ms/op
Iteration 337: 0.597 ms/op
Iteration 338: 0.576 ms/op
Iteration 339: 0.597 ms/op
Iteration 340: 0.575 ms/op
Iteration 341: 0.577 ms/op
Iteration 342: 0.595 ms/op
Iteration 343: 0.678 ms/op
Iteration 344: 0.557 ms/op
Iteration 345: 0.551 ms/op
Iteration 346: 0.554 ms/op
Iteration 347: 0.563 ms/op
Iteration 348: 0.549 ms/op
Iteration 349: 0.604 ms/op
Iteration 350: 0.631 ms/op
Iteration 351: 0.780 ms/op
Iteration 352: 0.507 ms/op
Iteration 353: 0.493 ms/op
Iteration 354: 0.527 ms/op
Iteration 355: 0.569 ms/op
Iteration 356: 0.583 ms/op
Iteration 357: 0.566 ms/op
Iteration 358: 0.541 ms/op
Iteration 359: 0.539 ms/op
Iteration 360: 0.561 ms/op
Iteration 361: 0.563 ms/op
Iteration 362: 5.314 ms/op
Iteration 363: 6.804 ms/op
Iteration 364: 4.390 ms/op
Iteration 365: 4.689 ms/op
Iteration 366: 4.585 ms/op
Iteration 367: 4.092 ms/op
Iteration 368: 4.563 ms/op
Iteration 369: 4.734 ms/op
Iteration 370: 4.315 ms/op
Iteration 371: 3.959 ms/op
Iteration 372: 4.478 ms/op
Iteration 373: 4.325 ms/op
Iteration 374: 5.832 ms/op
Iteration 375: 6.412 ms/op
Iteration 376: 4.216 ms/op
Iteration 377: 4.085 ms/op
Iteration 378: 5.506 ms/op
Iteration 379: 4.723 ms/op
Iteration 380: 3.780 ms/op
Iteration 381: 6.925 ms/op
Iteration 382: 4.038 ms/op
Iteration 383: 4.667 ms/op
Iteration 384: 6.857 ms/op
Iteration 385: 5.363 ms/op
Iteration 386: 6.046 ms/op
Iteration 387: 4.688 ms/op
Iteration 388: 5.163 ms/op
Iteration 389: 7.092 ms/op
Iteration 390: 4.896 ms/op
Iteration 391: 4.244 ms/op
Iteration 392: 6.132 ms/op
Iteration 393: 4.818 ms/op
Iteration 394: 4.429 ms/op
Iteration 395: 0.593 ms/op
Iteration 396: 0.573 ms/op
Iteration 397: 0.669 ms/op
Iteration 398: 0.649 ms/op
Iteration 399: 0.669 ms/op
Iteration 400: 0.989 ms/op
Iteration 401: 0.808 ms/op
Iteration 402: 0.724 ms/op
Iteration 403: 0.719 ms/op
Iteration 404: 0.709 ms/op
Iteration 405: 0.784 ms/op
Iteration 406: 0.829 ms/op
Iteration 407: 0.731 ms/op
Iteration 408: 0.834 ms/op
Iteration 409: 1.010 ms/op
Iteration 410: 2.362 ms/op
Iteration 411: 4.204 ms/op
Iteration 412: 0.847 ms/op
Iteration 413: 0.798 ms/op
Iteration 414: 0.942 ms/op
Iteration 415: 1.030 ms/op
Iteration 416: 1.053 ms/op
Iteration 417: 0.771 ms/op
Iteration 418: 0.777 ms/op
Iteration 419: 0.819 ms/op
Iteration 420: 1.159 ms/op
Iteration 421: 0.965 ms/op
Iteration 422: 0.947 ms/op
Iteration 423: 1.184 ms/op
Iteration 424: 0.885 ms/op
Iteration 425: 0.826 ms/op
Iteration 426: 0.757 ms/op
Iteration 427: 0.837 ms/op
Iteration 428: 0.973 ms/op
Iteration 429: 0.717 ms/op
Iteration 430: 0.834 ms/op
Iteration 431: 0.756 ms/op
Iteration 432: 0.725 ms/op
Iteration 433: 1.095 ms/op
Iteration 434: 1.193 ms/op
Iteration 435: 1.250 ms/op
Iteration 436: 1.343 ms/op
Iteration 437: 1.140 ms/op
Iteration 438: 1.022 ms/op
Iteration 439: 0.950 ms/op
Iteration 440: 0.552 ms/op
Iteration 441: 0.568 ms/op
Iteration 442: 0.727 ms/op
Iteration 443: 0.654 ms/op
Iteration 444: 0.686 ms/op
Iteration 445: 0.979 ms/op
Iteration 446: 0.769 ms/op
Iteration 447: 0.758 ms/op
Iteration 448: 0.730 ms/op
Iteration 449: 0.642 ms/op
Iteration 450: 0.715 ms/op
Iteration 451: 5.129 ms/op
Iteration 452: 0.949 ms/op
Iteration 453: 0.717 ms/op
Iteration 454: 0.846 ms/op
Iteration 455: 3.771 ms/op
Iteration 456: 0.693 ms/op
Iteration 457: 0.698 ms/op
Iteration 458: 0.717 ms/op
Iteration 459: 0.628 ms/op
Iteration 460: 0.623 ms/op
Iteration 461: 0.794 ms/op
Iteration 462: 0.637 ms/op
Iteration 463: 0.744 ms/op
Iteration 464: 2.122 ms/op
Iteration 465: 0.704 ms/op
Iteration 466: 0.690 ms/op
Iteration 467: 0.678 ms/op
Iteration 468: 0.683 ms/op
Iteration 469: 0.677 ms/op
Iteration 470: 0.986 ms/op
Iteration 471: 0.839 ms/op
Iteration 472: 0.800 ms/op
Iteration 473: 0.786 ms/op
Iteration 474: 0.916 ms/op
Iteration 475: 0.794 ms/op
Iteration 476: 0.760 ms/op
Iteration 477: 0.764 ms/op
Iteration 478: 1.600 ms/op
Iteration 479: 0.746 ms/op
Iteration 480: 1.033 ms/op
Iteration 481: 0.722 ms/op
Iteration 482: 0.740 ms/op
Iteration 483: 0.758 ms/op
Iteration 484: 0.795 ms/op
Iteration 485: 0.752 ms/op
Iteration 486: 0.785 ms/op
Iteration 487: 1.025 ms/op
Iteration 488: 0.799 ms/op
Iteration 489: 0.886 ms/op
Iteration 490: 0.857 ms/op
Iteration 491: 0.886 ms/op
Iteration 492: 0.812 ms/op
Iteration 493: 0.771 ms/op
Iteration 494: 3.902 ms/op
Iteration 495: 1.179 ms/op
Iteration 496: 1.014 ms/op
Iteration 497: 0.823 ms/op
Iteration 498: 0.805 ms/op
Iteration 499: 0.917 ms/op
Iteration 500: 0.911 ms/op
Iteration 501: 1.040 ms/op
Iteration 502: 0.897 ms/op
Iteration 503: 0.741 ms/op
Iteration 504: 0.787 ms/op
Iteration 505: 0.895 ms/op
Iteration 506: 0.818 ms/op
Iteration 507: 0.955 ms/op
Iteration 508: 2.168 ms/op
Iteration 509: 0.932 ms/op
Iteration 510: 0.827 ms/op
Iteration 511: 0.855 ms/op
Iteration 512: 0.850 ms/op
Iteration 513: 0.928 ms/op
Iteration 514: 0.922 ms/op
Iteration 515: 1.452 ms/op
Iteration 516: 0.997 ms/op
Iteration 517: 0.905 ms/op
Iteration 518: 0.880 ms/op
Iteration 519: 0.895 ms/op
Iteration 520: 1.121 ms/op
Iteration 521: 1.034 ms/op
Iteration 522: 0.943 ms/op
Iteration 523: 0.896 ms/op
Iteration 524: 0.961 ms/op
Iteration 525: 0.933 ms/op
Iteration 526: 0.923 ms/op
Iteration 527: 0.882 ms/op
Iteration 528: 1.049 ms/op
Iteration 529: 0.752 ms/op
Iteration 530: 2.733 ms/op
Iteration 531: 0.765 ms/op
Iteration 532: 5.866 ms/op
Iteration 533: 1.030 ms/op
Iteration 534: 0.891 ms/op
Iteration 535: 0.942 ms/op
Iteration 536: 1.066 ms/op
Iteration 537: 0.988 ms/op
Iteration 538: 0.921 ms/op
Iteration 539: 0.986 ms/op
Iteration 540: 0.967 ms/op
Iteration 541: 1.015 ms/op
Iteration 542: 1.141 ms/op
Iteration 543: 1.049 ms/op
Iteration 544: 0.985 ms/op
Iteration 545: 1.100 ms/op
Iteration 546: 1.554 ms/op
Iteration 547: 1.028 ms/op
Iteration 548: 0.957 ms/op
Iteration 549: 0.970 ms/op
Iteration 550: 1.095 ms/op
Iteration 551: 0.947 ms/op
Iteration 552: 1.010 ms/op
Iteration 553: 0.915 ms/op
Iteration 554: 0.947 ms/op
Iteration 555: 0.965 ms/op
Iteration 556: 0.968 ms/op
Iteration 557: 0.982 ms/op
Iteration 558: 0.885 ms/op
Iteration 559: 0.906 ms/op
Iteration 560: 0.949 ms/op
Iteration 561: 0.851 ms/op
Iteration 562: 0.883 ms/op
Iteration 563: 0.883 ms/op
Iteration 564: 0.868 ms/op
Iteration 565: 0.893 ms/op
Iteration 566: 0.910 ms/op
Iteration 567: 19.998 ms/op
Iteration 568: 5.088 ms/op
Iteration 569: 5.679 ms/op
Iteration 570: 5.793 ms/op
Iteration 571: 24.959 ms/op
Iteration 572: 7.430 ms/op
[...]
Iteration 337: 0.005 ms/op
Iteration 338: 0.005 ms/op
Iteration 339: 0.005 ms/op
Iteration 340: 0.005 ms/op
Iteration 341: 0.004 ms/op
Iteration 342: 0.005 ms/op
Iteration 343: 0.010 ms/op
Iteration 344: 0.004 ms/op
Iteration 345: 0.004 ms/op
Iteration 346: 0.004 ms/op
Iteration 347: 0.010 ms/op
Iteration 348: 0.005 ms/op
Iteration 349: 0.005 ms/op
Iteration 350: 0.005 ms/op
Iteration 351: 0.005 ms/op
Iteration 352: 0.015 ms/op
Iteration 353: 0.007 ms/op
Iteration 354: 0.005 ms/op
Iteration 355: 0.005 ms/op
Iteration 356: 0.012 ms/op
Iteration 357: 0.005 ms/op
Iteration 358: 0.005 ms/op
Iteration 359: 0.005 ms/op
Iteration 360: 0.005 ms/op
Iteration 361: 0.005 ms/op
Iteration 362: 0.005 ms/op
Iteration 363: 0.006 ms/op
Iteration 364: 0.005 ms/op
Iteration 365: 0.012 ms/op
Iteration 366: 0.005 ms/op
Iteration 367: 0.006 ms/op
Iteration 368: 0.005 ms/op
Iteration 369: 0.005 ms/op
Iteration 370: 0.005 ms/op
Iteration 371: 0.006 ms/op
Iteration 372: 0.005 ms/op
Iteration 373: 0.005 ms/op
Iteration 374: 0.013 ms/op
Iteration 375: 0.005 ms/op
Iteration 376: 0.012 ms/op
Iteration 377: 0.008 ms/op
Iteration 378: 0.006 ms/op
Iteration 379: 0.005 ms/op
Iteration 380: 0.004 ms/op
Iteration 381: 0.007 ms/op
Iteration 382: 0.004 ms/op
Iteration 383: 0.011 ms/op
Iteration 384: 0.005 ms/op
Iteration 385: 0.005 ms/op
Iteration 386: 0.006 ms/op
Iteration 387: 0.005 ms/op
Iteration 388: 0.005 ms/op
Iteration 389: 0.006 ms/op
Iteration 390: 0.005 ms/op
Iteration 391: 0.005 ms/op
Iteration 392: 0.012 ms/op
Iteration 393: 0.005 ms/op
Iteration 394: 0.005 ms/op
Iteration 395: 0.005 ms/op
Iteration 396: 0.005 ms/op
Iteration 397: 0.005 ms/op
Iteration 398: 0.005 ms/op
Iteration 399: 0.005 ms/op
Iteration 400: 0.004 ms/op
Iteration 401: 0.010 ms/op
Iteration 402: 0.005 ms/op
Iteration 403: 0.005 ms/op
Iteration 404: 0.005 ms/op
Iteration 405: 0.005 ms/op
Iteration 406: 0.004 ms/op
Iteration 407: 0.006 ms/op
Iteration 408: 0.006 ms/op
Iteration 409: 0.006 ms/op
Iteration 410: 0.007 ms/op
Iteration 411: 0.007 ms/op
Iteration 412: 0.005 ms/op
Iteration 413: 0.005 ms/op
Iteration 414: 0.014 ms/op
Iteration 415: 0.005 ms/op
Iteration 416: 0.005 ms/op
Iteration 417: 0.005 ms/op
Iteration 418: 0.005 ms/op
Iteration 419: 0.005 ms/op
Iteration 420: 0.006 ms/op
Iteration 421: 0.005 ms/op
Iteration 422: 0.005 ms/op
Iteration 423: 0.012 ms/op
Iteration 424: 0.005 ms/op
Iteration 425: 0.005 ms/op
Iteration 426: 0.005 ms/op
Iteration 427: 0.005 ms/op
Iteration 428: 0.005 ms/op
Iteration 429: 0.004 ms/op
Iteration 430: 0.006 ms/op
Iteration 431: 0.006 ms/op
Iteration 432: 0.015 ms/op
Iteration 433: 0.007 ms/op
Iteration 434: 0.007 ms/op
Iteration 435: 0.007 ms/op
Iteration 436: 0.005 ms/op
Iteration 437: 0.005 ms/op
Iteration 438: 0.005 ms/op
Iteration 439: 0.005 ms/op
Iteration 440: 0.005 ms/op
Iteration 441: 0.011 ms/op
Iteration 442: 0.005 ms/op
Iteration 443: 0.006 ms/op
Iteration 444: 0.005 ms/op
Iteration 445: 0.011 ms/op
Iteration 446: 0.005 ms/op
Iteration 447: 0.005 ms/op
Iteration 448: 0.005 ms/op
Iteration 449: 0.004 ms/op
Iteration 450: 0.011 ms/op
Iteration 451: 0.005 ms/op
Iteration 452: 0.005 ms/op
Iteration 453: 0.007 ms/op
Iteration 454: 0.006 ms/op
Iteration 455: 0.005 ms/op
Iteration 456: 0.005 ms/op
Iteration 457: 0.005 ms/op
Iteration 458: 0.005 ms/op
Iteration 459: 0.005 ms/op
Iteration 460: 0.005 ms/op
Iteration 461: 0.004 ms/op
Iteration 462: 0.007 ms/op
Iteration 463: 0.011 ms/op
Iteration 464: 0.005 ms/op
Iteration 465: 0.012 ms/op
Iteration 466: 0.005 ms/op
Iteration 467: 0.006 ms/op
Iteration 468: 0.006 ms/op
Iteration 469: 0.005 ms/op
Iteration 470: 0.005 ms/op
Iteration 471: 0.005 ms/op
Iteration 472: 0.005 ms/op
Iteration 473: 0.005 ms/op
Iteration 474: 0.011 ms/op
Iteration 475: 0.006 ms/op
Iteration 476: 0.006 ms/op
Iteration 477: 0.005 ms/op
Iteration 478: 0.006 ms/op
Iteration 479: 0.005 ms/op
Iteration 480: 0.004 ms/op
Iteration 481: 0.005 ms/op
Iteration 482: 0.004 ms/op
Iteration 483: 0.010 ms/op
Iteration 484: 0.006 ms/op
Iteration 485: 0.004 ms/op
Iteration 486: 0.005 ms/op
Iteration 487: 0.005 ms/op
Iteration 488: 0.004 ms/op
Iteration 489: 0.006 ms/op
Iteration 490: 0.005 ms/op
Iteration 491: 0.005 ms/op
Iteration 492: 0.011 ms/op
Iteration 493: 0.005 ms/op
Iteration 494: 0.006 ms/op
Iteration 495: 0.006 ms/op
Iteration 496: 0.006 ms/op
Iteration 497: 0.005 ms/op
Iteration 498: 0.005 ms/op
Iteration 499: 0.005 ms/op
Iteration 500: 0.005 ms/op
Iteration 501: 0.009 ms/op
Iteration 502: 0.005 ms/op
Iteration 503: 0.005 ms/op
Iteration 504: 0.009 ms/op
Iteration 505: 0.028 ms/op
Iteration 506: 0.006 ms/op
Iteration 507: 0.005 ms/op
Iteration 508: 0.005 ms/op
Iteration 509: 0.006 ms/op
Iteration 510: 0.006 ms/op
Iteration 511: 0.005 ms/op
Iteration 512: 0.005 ms/op
Iteration 513: 0.005 ms/op
Iteration 514: 0.012 ms/op
Iteration 515: 0.005 ms/op
Iteration 516: 0.005 ms/op
Iteration 517: 0.006 ms/op
Iteration 518: 0.005 ms/op
Iteration 519: 0.005 ms/op
Iteration 520: 0.005 ms/op
Iteration 521: 0.005 ms/op
Iteration 522: 0.004 ms/op
Iteration 523: 0.005 ms/op
Iteration 524: 0.006 ms/op
Iteration 525: 0.006 ms/op
Iteration 526: 0.005 ms/op
Iteration 527: 0.012 ms/op
Iteration 528: 0.005 ms/op
Iteration 529: 0.004 ms/op
Iteration 530: 0.005 ms/op
Iteration 531: 0.005 ms/op
Iteration 532: 0.005 ms/op
Iteration 533: 0.005 ms/op
Iteration 534: 0.005 ms/op
Iteration 535: 0.005 ms/op
Iteration 536: 0.012 ms/op
Iteration 537: 0.005 ms/op
Iteration 538: 0.005 ms/op
Iteration 539: 0.006 ms/op
Iteration 540: 0.005 ms/op
Iteration 541: 0.005 ms/op
Iteration 542: 0.005 ms/op
Iteration 543: 0.005 ms/op
Iteration 544: 0.005 ms/op
Iteration 545: 0.014 ms/op
Iteration 546: 0.007 ms/op
Iteration 547: 0.007 ms/op
Iteration 548: 0.005 ms/op
Iteration 549: 0.006 ms/op
Iteration 550: 0.005 ms/op
Iteration 551: 0.004 ms/op
Iteration 552: 0.005 ms/op
Iteration 553: 0.006 ms/op
Iteration 554: 0.010 ms/op
Iteration 555: 0.005 ms/op
Iteration 556: 0.005 ms/op
Iteration 557: 0.005 ms/op
Iteration 558: 0.004 ms/op
Iteration 559: 0.006 ms/op
Iteration 560: 0.005 ms/op
Iteration 561: 0.006 ms/op
Iteration 562: 0.006 ms/op
Iteration 563: 0.016 ms/op
Iteration 564: 0.006 ms/op
Iteration 565: 0.006 ms/op
Iteration 566: 0.006 ms/op
Iteration 567: 0.013 ms/op
Iteration 568: 0.005 ms/op
Iteration 569: 0.006 ms/op
Iteration 570: 0.007 ms/op
Iteration 571: 0.028 ms/op
Iteration 572: 0.005 ms/op
Iteration 573: 0.006 ms/op
Iteration 574: 0.006 ms/op
Iteration 575: 0.005 ms/op
Iteration 576: 0.011 ms/op
Iteration 577: 0.004 ms/op
Iteration 578: 0.005 ms/op
Iteration 579: 0.005 ms/op
Iteration 580: 0.006 ms/op
Iteration 581: 0.005 ms/op
Iteration 582: 0.005 ms/op
Iteration 583: 0.004 ms/op
Iteration 584: 0.005 ms/op
Iteration 585: 0.016 ms/op
Iteration 586: 0.005 ms/op
Iteration 587: 0.005 ms/op
Iteration 588: 0.005 ms/op
Iteration 589: 0.004 ms/op
Iteration 590: 0.006 ms/op
Iteration 591: 0.006 ms/op
Iteration 592: 0.005 ms/op
Iteration 593: 0.007 ms/op
Iteration 594: 0.008 ms/op
Iteration 595: 0.006 ms/op
Iteration 596: 0.006 ms/op
Iteration 597: 0.005 ms/op
Iteration 598: 0.011 ms/op
Iteration 599: 0.005 ms/op
Iteration 600: 0.005 ms/op
Iteration 601: 0.004 ms/op
Iteration 602: 0.005 ms/op
Iteration 603: 0.006 ms/op
Iteration 604: 0.006 ms/op
Iteration 605: 0.006 ms/op
Iteration 606: 0.006 ms/op
Iteration 607: 0.005 ms/op
Iteration 608: 0.005 ms/op
Iteration 609: 0.005 ms/op
Iteration 610: 0.005 ms/op
Iteration 611: 0.014 ms/op
Iteration 612: 0.005 ms/op
Iteration 613: 0.005 ms/op
Iteration 614: 0.006 ms/op
Iteration 615: 0.005 ms/op
Iteration 616: 0.005 ms/op
Iteration 617: 0.004 ms/op
Iteration 618: 0.004 ms/op
Iteration 619: 0.004 ms/op
Iteration 620: 0.004 ms/op
Iteration 621: 0.004 ms/op
Iteration 622: 0.005 ms/op
Iteration 623: 0.005 ms/op
Iteration 624: 0.009 ms/op
Iteration 625: 0.005 ms/op
Iteration 626: 0.005 ms/op
Iteration 627: 0.007 ms/op
Iteration 628: 0.005 ms/op
Iteration 629: 0.006 ms/op
Iteration 630: 0.005 ms/op
Iteration 631: 0.005 ms/op
Iteration 632: 0.005 ms/op
Iteration 633: 0.005 ms/op
Iteration 634: 0.006 ms/op
Iteration 635: 0.006 ms/op
Iteration 636: 0.012 ms/op
Iteration 637: 0.014 ms/op
Iteration 638: 0.005 ms/op
Iteration 639: 0.005 ms/op
Iteration 640: 0.005 ms/op
Iteration 641: 0.005 ms/op
Iteration 642: 0.005 ms/op
Iteration 643: 0.005 ms/op
Iteration 644: 0.006 ms/op
Iteration 645: 0.006 ms/op
Iteration 646: 0.006 ms/op
Iteration 647: 0.006 ms/op
Iteration 648: 0.006 ms/op
Iteration 649: 0.005 ms/op
Iteration 650: 0.017 ms/op
Iteration 651: 0.006 ms/op
Iteration 652: 0.006 ms/op
Iteration 653: 0.007 ms/op
Iteration 654: 0.006 ms/op
Iteration 655: 0.010 ms/op
Iteration 656: 0.006 ms/op
Iteration 657: 0.006 ms/op
Iteration 658: 0.005 ms/op
Iteration 659: 0.011 ms/op
Iteration 660: 0.006 ms/op
Iteration 661: 0.005 ms/op
Iteration 662: 0.005 ms/op
Iteration 663: 0.012 ms/op
Iteration 664: 0.005 ms/op
Iteration 665: 0.005 ms/op
Iteration 666: 0.006 ms/op
Iteration 667: 0.005 ms/op
Iteration 668: 0.007 ms/op
Iteration 669: 0.006 ms/op
Iteration 670: 0.005 ms/op
Iteration 671: 0.005 ms/op
Iteration 672: 0.011 ms/op
Iteration 673: 0.005 ms/op
Iteration 674: 0.006 ms/op
Iteration 675: 0.006 ms/op
Iteration 676: 0.012 ms/op
Iteration 677: 0.005 ms/op
Iteration 678: 0.006 ms/op
Iteration 679: 0.007 ms/op
Iteration 680: 0.006 ms/op
Iteration 681: 0.005 ms/op
Iteration 682: 0.007 ms/op
Iteration 683: 0.006 ms/op
Iteration 684: 0.005 ms/op
Iteration 685: 0.011 ms/op
Iteration 686: 0.005 ms/op
Iteration 687: 0.004 ms/op
Iteration 688: 0.005 ms/op
Iteration 689: 0.011 ms/op
Iteration 690: 0.005 ms/op
Iteration 691: 0.005 ms/op
Iteration 692: 0.005 ms/op
Iteration 693: 0.005 ms/op
Iteration 694: 0.005 ms/op
Iteration 695: 0.006 ms/op
Iteration 696: 0.005 ms/op
Iteration 697: 0.005 ms/op
Iteration 698: 0.013 ms/op
Iteration 699: 0.005 ms/op
Iteration 700: 0.005 ms/op
Iteration 701: 0.005 ms/op
Iteration 702: 0.013 ms/op
Iteration 703: 0.005 ms/op
Iteration 704: 0.005 ms/op
Iteration 705: 0.005 ms/op
Iteration 706: 0.006 ms/op
Iteration 707: 0.005 ms/op
Iteration 708: 0.005 ms/op
Iteration 709: 0.008 ms/op
Iteration 710: 0.005 ms/op
Iteration 711: 0.009 ms/op
Iteration 712: 0.005 ms/op
Iteration 713: 0.005 ms/op
Iteration 714: 0.005 ms/op
Iteration 715: 0.011 ms/op
Iteration 716: 0.007 ms/op
Iteration 717: 0.006 ms/op
Iteration 718: 0.006 ms/op
Iteration 719: 0.006 ms/op
Iteration 720: 0.006 ms/op
Iteration 721: 0.006 ms/op
Iteration 722: 0.006 ms/op
Iteration 723: 0.007 ms/op
Iteration 724: 0.015 ms/op
Iteration 725: 0.006 ms/op
Iteration 726: 0.005 ms/op
Iteration 727: 0.004 ms/op
Iteration 728: 0.005 ms/op
Iteration 729: 0.006 ms/op
Iteration 730: 0.005 ms/op
Iteration 731: 0.004 ms/op
Iteration 732: 0.005 ms/op
Iteration 733: 0.006 ms/op
Iteration 734: 0.005 ms/op
Iteration 735: 0.006 ms/op
Iteration 736: 0.006 ms/op
Iteration 737: 0.013 ms/op
Iteration 738: 0.006 ms/op
Iteration 739: 0.005 ms/op
Iteration 740: 0.006 ms/op
Iteration 741: 0.005 ms/op
Iteration 742: 0.005 ms/op
Iteration 743: 0.005 ms/op
Iteration 744: 0.005 ms/op
Iteration 745: 0.005 ms/op
Iteration 746: 0.006 ms/op
Iteration 747: 0.005 ms/op
Iteration 748: 0.030 ms/op
Iteration 749: 0.005 ms/op
Iteration 750: 0.007 ms/op
Iteration 751: 0.006 ms/op
Iteration 752: 0.006 ms/op
Iteration 753: 0.005 ms/op
Iteration 754: 0.004 ms/op
Iteration 755: 0.005 ms/op
Iteration 756: 0.023 ms/op
Iteration 757: 0.005 ms/op
Iteration 758: 0.005 ms/op
Iteration 759: 0.005 ms/op
Iteration 760: 0.011 ms/op
Iteration 761: 0.004 ms/op
Iteration 762: 0.005 ms/op
Iteration 763: 0.005 ms/op
Iteration 764: 0.004 ms/op
Iteration 765: 0.004 ms/op
Iteration 766: 0.005 ms/op
Iteration 767: 0.005 ms/op
Iteration 768: 0.004 ms/op
Iteration 769: 0.009 ms/op
Iteration 770: 0.004 ms/op
Iteration 771: 0.004 ms/op
Iteration 772: 0.005 ms/op
Iteration 773: 0.011 ms/op
Iteration 774: 0.005 ms/op
Iteration 775: 0.005 ms/op
Iteration 776: 0.005 ms/op
Iteration 777: 0.005 ms/op
Iteration 778: 0.005 ms/op
Iteration 779: 0.005 ms/op
Iteration 780: 0.005 ms/op
Iteration 781: 0.005 ms/op
Iteration 782: 0.012 ms/op
Iteration 783: 0.005 ms/op
Iteration 784: 0.006 ms/op
Iteration 785: 0.005 ms/op
Iteration 786: 0.012 ms/op
Iteration 787: 0.005 ms/op
Iteration 788: 0.005 ms/op
Iteration 789: 0.005 ms/op
Iteration 790: 0.004 ms/op
Iteration 791: 0.011 ms/op
Iteration 792: 0.007 ms/op
Iteration 793: 0.005 ms/op
Iteration 794: 0.007 ms/op
Iteration 795: 0.027 ms/op
Iteration 796: 0.005 ms/op
Iteration 797: 0.005 ms/op
Iteration 798: 0.005 ms/op
Iteration 799: 0.010 ms/op
Iteration 800: 0.005 ms/op
Iteration 801: 0.004 ms/op
Iteration 802: 0.005 ms/op
Iteration 803: 0.005 ms/op
Iteration 804: 0.005 ms/op
Iteration 805: 0.006 ms/op
Iteration 806: 0.005 ms/op
Iteration 807: 0.005 ms/op
Iteration 808: 0.014 ms/op
Iteration 809: 0.005 ms/op
Iteration 810: 0.004 ms/op
Iteration 811: 0.003 ms/op
Iteration 812: 0.005 ms/op
Iteration 813: 0.005 ms/op
Iteration 814: 0.005 ms/op
Iteration 815: 0.004 ms/op
Iteration 816: 0.005 ms/op
Iteration 817: 0.005 ms/op
Iteration 818: 0.005 ms/op
Iteration 819: 0.004 ms/op
Iteration 820: 0.004 ms/op
Iteration 821: 0.011 ms/op
Iteration 822: 0.004 ms/op
Iteration 823: 0.004 ms/op
Iteration 824: 0.004 ms/op
Iteration 825: 0.004 ms/op
Iteration 826: 0.005 ms/op
Iteration 827: 0.004 ms/op
Iteration 828: 0.004 ms/op
Iteration 829: 0.004 ms/op
Iteration 830: 0.005 ms/op
Iteration 831: 0.005 ms/op
Iteration 832: 0.005 ms/op
Iteration 833: 0.005 ms/op
Iteration 834: 0.011 ms/op
Iteration 835: 0.005 ms/op
Iteration 836: 0.005 ms/op
Iteration 837: 0.005 ms/op
Iteration 838: 0.005 ms/op
Iteration 839: 0.005 ms/op
Iteration 840: 0.006 ms/op
Iteration 841: 0.005 ms/op
Iteration 842: 0.005 ms/op
Iteration 843: 0.005 ms/op
Iteration 844: 0.008 ms/op
Iteration 845: 0.011 ms/op
Iteration 846: 0.007 ms/op
Iteration 847: 0.012 ms/op
Iteration 848: 0.005 ms/op
Iteration 849: 0.005 ms/op
Iteration 850: 0.024 ms/op
Iteration 851: 0.005 ms/op
Iteration 852: 0.005 ms/op
Iteration 853: 0.005 ms/op
Iteration 854: 0.004 ms/op
Iteration 855: 0.004 ms/op
Iteration 856: 0.004 ms/op
Iteration 857: 0.004 ms/op
Iteration 858: 0.004 ms/op
Iteration 859: 0.004 ms/op
Iteration 860: 0.007 ms/op
Iteration 861: 0.004 ms/op
Iteration 862: 0.003 ms/op
Iteration 863: 0.003 ms/op
Iteration 864: 0.003 ms/op
Iteration 865: 0.004 ms/op
Iteration 866: 0.004 ms/op
Iteration 867: 0.005 ms/op
Iteration 868: 0.003 ms/op
Iteration 869: 0.005 ms/op
Iteration 870: 0.004 ms/op
Iteration 871: 0.004 ms/op
Iteration 872: 0.005 ms/op
Iteration 873: 0.014 ms/op
Iteration 874: 0.005 ms/op
Iteration 875: 0.004 ms/op
Iteration 876: 0.004 ms/op
Iteration 877: 0.004 ms/op
Iteration 878: 0.005 ms/op
Iteration 879: 0.006 ms/op
Iteration 880: 0.004 ms/op
Iteration 881: 0.003 ms/op
Iteration 882: 0.009 ms/op
Iteration 883: 0.004 ms/op
Iteration 884: 0.004 ms/op
Iteration 885: 0.003 ms/op
Iteration 886: 0.009 ms/op
Iteration 887: 0.003 ms/op
Iteration 888: 0.003 ms/op
Iteration 889: 0.003 ms/op
Iteration 890: 0.003 ms/op
Iteration 891: 0.003 ms/op
Iteration 892: 0.003 ms/op
Iteration 893: 0.003 ms/op
Iteration 894: 0.005 ms/op
Iteration 895: 0.008 ms/op
Iteration 896: 0.003 ms/op
Iteration 897: 0.003 ms/op
Iteration 898: 0.003 ms/op
Iteration 899: 0.010 ms/op
Iteration 900: 0.003 ms/op
Iteration 901: 0.004 ms/op
Iteration 902: 0.004 ms/op
Iteration 903: 0.003 ms/op
Iteration 904: 0.004 ms/op
Iteration 905: 0.004 ms/op
Iteration 906: 0.003 ms/op
Iteration 907: 0.004 ms/op
Iteration 908: 0.008 ms/op
Iteration 909: 0.003 ms/op
Iteration 910: 0.042 ms/op
Iteration 911: 0.004 ms/op
Iteration 912: 0.008 ms/op
Iteration 913: 0.003 ms/op
Iteration 914: 0.003 ms/op
Iteration 915: 0.004 ms/op
Iteration 916: 0.004 ms/op
Iteration 917: 0.003 ms/op
Iteration 918: 0.004 ms/op
Iteration 919: 0.004 ms/op
Iteration 920: 0.004 ms/op
Iteration 921: 0.007 ms/op
Iteration 922: 0.004 ms/op
Iteration 923: 0.003 ms/op
Iteration 924: 0.004 ms/op
Iteration 925: 0.008 ms/op
Iteration 926: 0.003 ms/op
Iteration 927: 0.005 ms/op
Iteration 928: 0.005 ms/op
Iteration 929: 0.004 ms/op
Iteration 930: 0.004 ms/op
Iteration 931: 0.004 ms/op
Iteration 932: 0.003 ms/op
Iteration 933: 0.004 ms/op
Iteration 934: 0.010 ms/op
Iteration 935: 0.004 ms/op
Iteration 936: 0.003 ms/op
Iteration 937: 0.003 ms/op
Iteration 938: 0.009 ms/op
Iteration 939: 0.003 ms/op
Iteration 940: 0.004 ms/op
Iteration 941: 0.003 ms/op
Iteration 942: 0.003 ms/op
Iteration 943: 0.003 ms/op
Iteration 944: 0.003 ms/op
Iteration 945: 0.003 ms/op
Iteration 946: 0.004 ms/op
Iteration 947: 0.008 ms/op
Iteration 948: 0.003 ms/op
Iteration 949: 0.003 ms/op
Iteration 950: 0.003 ms/op
Iteration 951: 0.009 ms/op
Iteration 952: 0.004 ms/op
Iteration 953: 0.003 ms/op
Iteration 954: 0.004 ms/op
Iteration 955: 0.004 ms/op
Iteration 956: 0.004 ms/op
Iteration 957: 0.003 ms/op
Iteration 958: 0.003 ms/op
Iteration 959: 0.003 ms/op
Iteration 960: 0.007 ms/op
Iteration 961: 0.003 ms/op
Iteration 962: 0.003 ms/op
Iteration 963: 0.003 ms/op
Iteration 964: 0.008 ms/op
Iteration 965: 0.003 ms/op
Iteration 966: 0.003 ms/op
Iteration 967: 0.004 ms/op
Iteration 968: 0.004 ms/op
Iteration 969: 0.003 ms/op
Iteration 970: 0.004 ms/op
Iteration 971: 0.005 ms/op
Iteration 972: 0.004 ms/op
Iteration 973: 0.008 ms/op
Iteration 974: 0.003 ms/op
Iteration 975: 0.005 ms/op
Iteration 976: 0.005 ms/op
Iteration 977: 0.008 ms/op
Iteration 978: 0.004 ms/op
Iteration 979: 0.004 ms/op
Iteration 980: 0.004 ms/op
Iteration 981: 0.004 ms/op
Iteration 982: 0.004 ms/op
Iteration 983: 0.003 ms/op
Iteration 984: 0.004 ms/op
Iteration 985: 0.003 ms/op
Iteration 986: 0.009 ms/op
Iteration 987: 0.004 ms/op
Iteration 988: 0.004 ms/op
Iteration 989: 0.004 ms/op
Iteration 990: 0.009 ms/op
Iteration 991: 0.004 ms/op
Iteration 992: 0.004 ms/op
Iteration 993: 0.004 ms/op
Iteration 994: 0.003 ms/op
Iteration 995: 0.005 ms/op
Iteration 996: 0.004 ms/op
Iteration 997: 0.004 ms/op
Iteration 998: 0.004 ms/op
Iteration 999: 0.009 ms/op
Iteration 1000: 0.003 ms/op


Result "org.example.acrastt.utils.Benchmark.stringBuilder":
  N = 1000
  mean =      0.007 ±(99.9%) 0.001 ms/op

  Histogram, ms/op:
    [0.000, 0.005) = 326 
    [0.005, 0.010) = 514 
    [0.010, 0.015) = 127 
    [0.015, 0.020) = 17 
    [0.020, 0.025) = 7 
    [0.025, 0.030) = 3 
    [0.030, 0.035) = 3 
    [0.035, 0.040) = 0 
    [0.040, 0.045) = 2 
    [0.045, 0.050) = 0 
    [0.050, 0.055) = 1 

  Percentiles, ms/op:
      p(0.0000) =      0.003 ms/op
     p(50.0000) =      0.006 ms/op
     p(90.0000) =      0.012 ms/op
     p(95.0000) =      0.014 ms/op
     p(99.0000) =      0.024 ms/op
     p(99.9000) =      0.055 ms/op
     p(99.9900) =      0.055 ms/op
     p(99.9990) =      0.055 ms/op
     p(99.9999) =      0.055 ms/op
    p(100.0000) =      0.055 ms/op


# Run complete. Total time: 00:00:03

REMEMBER: The numbers below are just data. To gain reusable insights, you need to follow up on
why the numbers are the way they are. Use profilers (see -prof, -lprof), design factorial
experiments, perform baseline and negative tests that provide experimental control, make sure
the benchmarking environment is safe on JVM/OS/HW level, ask for reviews from the domain experts.
Do not assume the numbers tell you what you want them to tell.

NOTE: Current JVM experimentally supports Compiler Blackholes, and they are in use. Please exercise
extra caution when trusting the results, look into the generated code to check the benchmark still
works, and factor in a small probability of new VM bugs. Additionally, while comparisons between
different JVMs are already problematic, the performance difference caused by different Blackhole
modes can be very significant. Please make sure you use the consistent Blackhole mode for comparisons.

Benchmark                     Mode   Cnt  Score    Error  Units
Benchmark.nativeStringAppend    ss  1000  1.468 ±  0.207  ms/op
Benchmark.stringBuilder         ss  1000  0.007 ±  0.001  ms/op

Benchmark result is saved to src/test/java/JMH.csv
]]></system-out>
  </testcase>
</testsuite>