<?xml version="1.0" encoding="UTF-8"?>
<testsuite xmlns:xsi="http://www.w3.org/2001/XMLSchema-instance" xsi:noNamespaceSchemaLocation="https://maven.apache.org/surefire/maven-surefire-plugin/xsd/surefire-test-report-3.0.xsd" version="3.0" name="ConcurrentListTest" time="0.566" tests="47" errors="0" skipped="0" failures="0">
  <properties>
[...]
</properties>
  <testcase name="testToStringAndToArray" classname="ConcurrentListTest" time="0.229"/>
  <testcase name="testReplaceAll" classname="ConcurrentListTest" time="0.005"/>
  <testcase name="testCopyConstructor" classname="ConcurrentListTest" time="0.003"/>
  <testcase name="testClear" classname="ConcurrentListTest" time="0.004"/>
  <testcase name="testSize" classname="ConcurrentListTest" time="0.002"/>
  <testcase name="testSort" classname="ConcurrentListTest" time="0.002"/>
  <testcase name="testLastIndexOf" classname="ConcurrentListTest" time="0.002"/>
  <testcase name="testForEach" classname="ConcurrentListTest" time="0.003"/>
  <testcase name="testListIterator" classname="ConcurrentListTest" time="0.005"/>
  <testcase name="testRemoveRange" classname="ConcurrentListTest" time="0.002"/>
  <testcase name="testToArrayWithArguments" classname="ConcurrentListTest" time="0.001"/>
  <testcase name="testListIteratorAt" classname="ConcurrentListTest" time="0.003"/>
  <testcase name="testRetainAll" classname="ConcurrentListTest" time="0.001"/>
  <testcase name="testToArrayWithIntFunction" classname="ConcurrentListTest" time="0.002"/>
  <testcase name="removeAt" classname="ConcurrentListTest" time="0.003"/>
  <testcase name="testContainsAll" classname="ConcurrentListTest" time="0.002"/>
  <testcase name="testAddAllWithTwoArguments" classname="ConcurrentListTest" time="0.001"/>
  <testcase name="testContains" classname="ConcurrentListTest" time="0.003"/>
  <testcase name="testAddAndGet" classname="ConcurrentListTest" time="0.002"/>
  <testcase name="testRemoveIf" classname="ConcurrentListTest" time="0.002"/>
  <testcase name="testEnsureCapacity" classname="ConcurrentListTest" time="0.003"/>
  <testcase name="testConcurrency" classname="ConcurrentListTest" time="0.028"/>
  <testcase name="testConcurrency" classname="ConcurrentListTest" time="0.013"/>
  <testcase name="testConcurrency" classname="ConcurrentListTest" time="0.01"/>
  <testcase name="testConcurrency" classname="ConcurrentListTest" time="0.01"/>
  <testcase name="testConcurrency" classname="ConcurrentListTest" time="0.016"/>
  <testcase name="testConcurrency" classname="ConcurrentListTest" time="0.007"/>
  <testcase name="testConcurrency" classname="ConcurrentListTest" time="0.007"/>
  <testcase name="testConcurrency" classname="ConcurrentListTest" time="0.007"/>
  <testcase name="testConcurrency" classname="ConcurrentListTest" time="0.008"/>
  <testcase name="testConcurrency" classname="ConcurrentListTest" time="0.014"/>
  <testcase name="testHashCode" classname="ConcurrentListTest" time="0.002"/>
  <testcase name="testParallelStream" classname="ConcurrentListTest" time="0.001"/>
  <testcase name="testTrimToSize" classname="ConcurrentListTest" time="0.001"/>
  <testcase name="testAddAll" classname="ConcurrentListTest" time="0.001"/>
  <testcase name="testSetWithTwoParameters" classname="ConcurrentListTest" time="0.002"/>
  <testcase name="testEquals" classname="ConcurrentListTest" time="0.001"/>
  <testcase name="testIndexOf" classname="ConcurrentListTest" time="0.003"/>
  <testcase name="testAddAtPosition" classname="ConcurrentListTest" time="0.002"/>
  <testcase name="testIsEmpty" classname="ConcurrentListTest" time="0.001"/>
  <testcase name="testRemove" classname="ConcurrentListTest" time="0.003"/>
  <testcase name="testStream" classname="ConcurrentListTest" time="0.004"/>
  <testcase name="testSpliterator" classname="ConcurrentListTest" time="0.004"/>
  <testcase name="testIterator" classname="ConcurrentListTest" time="0.001"/>
  <testcase name="testRemoveAll" classname="ConcurrentListTest" time="0.002"/>
  <testcase name="testSubList" classname="ConcurrentListTest" time="0.001"/>
  <testcase name="testCapacityConstructor" classname="ConcurrentListTest" time="0.002"/>
</testsuite>